
'----------------------------------------------------------------------------------------### refinement methods ###
iters 0
chi2_convergence_criteria 0.000001
'Auto_T(2)                                                    ' simulated annealing 
do_errors
no_LIMIT_warnings
'continue_after_convergence
r_wp  21.8410653 r_exp  0.425176869 r_p  16.227369 r_wp_dash  25.329741 r_p_dash  25.3610459 r_exp_dash  0.493090414 weighted_Durbin_Watson  0.0123876052 gof  51.3693639
'----------------------------------------------------------------------------------------### refinement methods ###


'----------------------------------------------------------------------------------------### Global parameters ###
'prm a  3.80539_0.00169
'prm beqSn  6.13453_0.41496 min=0;
'prm beqFe1  0.00000_0.02459 min=0;
'prm beqFe2  0.68288_0.00973 min=0;
'prm beqN  0.59794_0.01734 min=0;
'prm scale1  1.00000
'prm scale2  1.00000
'prm scale3  1.00000
'prm scale4  1.00000
'prm mlxFe1  0.09619_0.01059
'prm mlxFe2  0.85227_0.01987
'----------------------------------------------------------------------------------------### Global parameters ### 



'------------------------------------------------------------------------------------------ ### Defining data sets ###
#define Si_NOMAD_bank2             
#define Si_NOMAD_bank3
'#define Si_NOMAD_bank4
'#define Si_NOMAD_bank5
'------------------------------------------------------------------------------------------ ### Defining data sets ###



'------------------------------------------------------------------------------------------ ### Main refinement block ### 
#ifdef Si_NOMAD_bank2 
xdd "NOM_Sn1Fe3_10_K-1.xye"
Out_X_Ycalc("T0_check.dat")
r_wp  19.1903366 r_exp  0.765130583 r_p  13.7031335 r_wp_dash  24.3927846 r_p_dash  24.7088387 r_exp_dash  0.972555401 weighted_Durbin_Watson  0.00750091246 gof  25.0811261

	NeutronDiffraction                                              ' TOF neutron diffraction data
	local alpha0 -52.16841` min -200 max 200      ' GSAS back to back function                
    local alpha1  30.76918` min -200 max 200                
	local beta0  -10.09696` min -200 max 200                	
	local beta1  -1.37726` min -200 max 200                  	

	
	local !Lpath 21.125                         ' Using Lobanov absoprtion funciton for TOF neutron. Details in GSAS-I manual page 134 
	local !two_theta 31
	local mu  0.00000`_0.03295 min 0 max 1
	Abs_Lobanov
    
	scale_pks = D_spacing^4;              ' Scale peak intensity as d^4
	bkg @  0.947886632`_0.0547266579 -0.157851926`_0.0881742649  0.149126786`_0.0747267604 -0.0496799823`_0.0689286784  0.0478928812`_0.0585294636 -0.0568957562`_0.0504286803
	start_X 2006
	finish_X 14000 
	TOF_x_axis_calibration(!t02_90, 11.99445_2.51045 , !difc2_90, 2846.73760_6.81217, difa2_90,  2.77576`_3.91970)         ' TOF = zero + difc*d + difa*d^2
	
	str
		phase_name "Sn1Fe3"
		space_group Pm-3m
		Phase_LAC_1_on_cm( 0.00000)
		Phase_Density_g_on_cm3( 7.67633`_0.04999)
		Cubic(a  3.797208`_0.008244)
		'site Sn x  0 y  0 z  0 occ Sn 0.25 beq beqSn  4.84421_0.59221
		'site Fe1 x  0 y  0 z  0 occ Fe 0.75 beq beqFe1  0.04114_0.04391 min=0.03;
		'site Fe2 x  0.5 y  0.5 z  0 occ Fe  1 beq beqFe2  0.66986_0.02728
		'site N  x  0.5 y  0.5 z  0.5 occ N  1 beq beqN  0.90225_0.03014
        site Sn x  0 y  0 z  0 occ Sn 0.25 beq beqSn  0.00000`_0.27807
		site Fe1 x  0 y  0 z  0 occ Fe 0.75 beq beqFe1  0.00000`_0.06106
		site Fe2 x  0.5 y  0.5 z  0 occ Fe  1 beq beqFe2  0.00000`_0.07752
		site N  x  0.5 y  0.5 z  0.5 occ N  1 beq beqN  0.00000`_0.08807
        scale scale_nuclear  1.76411189`_0.1334
		
		TOF_PV(@, 2444.42591`_86.77248,@ , 0.282267797`_0.0973226685, difc2_90)
		
		'TOF_Exponential (a21, 60.08496_10.50278, a22, 35.28298_10.89156, 4, difc2_90, +)
		
		moderator_mic_NOMAD(two_theta,31,tspow2, 3.13904`_104.59857,alph02, 0.42547`_2.19571,alph12, 0.01000`_2.63609,beta02, 0.00224`_0.00364,beta12, 0.03363`_0.00963,k_eff, 3154224397.52663`_51.36936,hk, 1.07131`_3.96673)
	
#endif

#ifdef Si_NOMAD_bank3 
xdd "NOM_Sn1Fe3_10_K-2.xye"
r_wp  22.3676168 r_exp  0.306284836 r_p  19.2076582 r_wp_dash  25.4874235 r_p_dash  25.9377317 r_exp_dash  0.349005055 weighted_Durbin_Watson  0.00488669273 gof  73.028809
	
	NeutronDiffraction
	scale_pks = D_spacing^4;  

	local alpha0  161.31318` min -200 max 200        
    local alpha1 -115.97847` min -200 max 200          
	local beta0  0.29532` min -200 max 200          
	local beta1 -1.24382`	  min -200 max 200
	
	local !Lpath 20.185
	local !two_theta 67
	local mu  0.00000`_0.01701 min 0 max 1
	Abs_Lobanov
	
	

	bkg @  0.536123795`_0.0571421364 -0.425149887`_0.0823013236 -0.0655424922`_0.0816513859 -0.183321825`_0.0545172835  0.162189583`_0.042747062
	start_X 3930
	finish_X 18000      
	TOF_x_axis_calibration(!t03_90,-14.73698_3.17494 , !difc3_90, 5641.48367_3.03622, difa3_90, -7.03167`_3.47175)
	
	str
		phase_name "Sn1Fe3"
		space_group Pm-3m
		Phase_LAC_1_on_cm( 0.00000)
		Phase_Density_g_on_cm3( 7.67633`_0.04999)
		Cubic(=a;:3.797208`_0.008244)
		site Sn x  0 y  0 z  0 occ Sn 0.25 beq =beqSn;:0.00000`_0.27807
		site Fe1 x  0 y  0 z  0 occ Fe 0.75 beq =beqFe1;:  0.00000`_0.06106
		site Fe2 x  0.5 y  0.5 z  0 occ Fe  1 beq =beqFe2;:0.00000`_0.07752
		site N  x  0.5 y  0.5 z  0.5 occ N  1 beq =beqN;:0.00000`_0.08807
		scale scale_nuclear3  4.59880246`_0.3327
		
		TOF_PV(@, 2076.25986`_49.95903,@ , 0.523651756`_0.0395522931, difc3_90)
		
		moderator_mic_NOMAD(two_theta,67,tspow3, 5.50000`_16.47649,alph03, 1.11898`_2.67793,alph13, 0.81768`_1.75754,beta03, 0.00121`_0.00042,beta13, 0.00100`_0.00068,k_eff3, 4893011637.30782`_51.36936,hk3, 0.00295`_0.00087)
	
#endif

#ifdef Si_NOMAD_bank4 
xdd "NOM_Sn1Fe3_10_K-3.xye"
r_wp  3.15659208 r_exp  0.386501126 r_p  3.39229726 r_wp_dash  3.77675208 r_p_dash  5.52167232 r_exp_dash  0.462435086 weighted_Durbin_Watson  0.0758204406 gof  8.16709673
	
	NeutronDiffraction 
	scale_pks = D_spacing^4;
	
	local alpha0  199.99957 min -200 max 200         
    local alpha1 -83.31546 min -200 max 200          
	local beta0 -16.30142 min -200 max 200
	local beta1  1.68731 min -200 max 200
	
	local !Lpath 20.434
	local !two_theta 122
	local mu  0.07226_0.00301 min 0 max 1
	Abs_Lobanov
		
	bkg @  0.54469711_0.00357379898 -0.423082899_0.00572693365  0.132134907_0.00504644193 -0.109227496_0.00384882074  0.0393285426_0.0030338439
	start_X 3900
	finish_X 16500      
	TOF_x_axis_calibration(!t04_90, 1.84634, !difc4_90, 9032.92789, difa4_90,  -8.20525)

	str
		phase_name "Sn1Fe3"
		space_group Pm-3m
		Phase_LAC_1_on_cm( 0.00000)
		Phase_Density_g_on_cm3( 7.62795_0.00149)
		Cubic(=a;:3.805218_0.000247)
		site Sn x  0 y  0 z  0 occ Sn 0.25 beq =beqSn;:1.69413_0.17534
		site Fe1 x  0 y  0 z  0 occ Fe 0.75 beq =beqFe1;:0.11244_0.01698
		site Fe2 x  0.5 y  0.5 z  0 occ Fe  1 beq =beqFe2;:0.44156_0.00675
		site N  x  0.5 y  0.5 z  0.5 occ N  1 beq =beqN;:0.39720_0.00771
		scale scale_nuclear4  5.44689623_0.07165
		
		TOF_PV(@, 2382.58937_11.89959,@ , 0.480293747_0.00847911878, difc2_90)
		
		moderator_mic_NOMAD(two_theta,122,tspow4, 1.50000_14.48612,alph04, 0.31697_0.15795,alph14, 0.29067_0.13265,beta04, 0.00314_0.00017,beta14, 0.04894_0.00088,k_eff4, 4893011637.30782_7.36637,hk4, 0.14691_0.00519)
	
	str
		phase_name "Sn3Fe1_magnetic"
		mag_only_for_mag_sites
		Cubic(=a;:3.805218_0.000247)
		mag_space_group 1.1
		site Fe1  x  0 y  0 z  0 occ Fe 0.75 beq =beqFe1;:  0.11244_0.01698
		mlx 0.0
		mly 0.0
		mlz =mlzFe1;:1.25182_0.03367
		MM_CrystalAxis_Display( 0.00000, 0.00000, 4.76344_0.12811)
		site Fe2  x  0.5 y  0.5 z  0 occ Fe  1 beq =beqFe2;:0.44156_0.00675
		mlx 0.0
		mly 0.0
		mlz =mlzFe2;:0.49691_0.00899
		MM_CrystalAxis_Display( 0.00000, 0.00000, 1.89086_0.03423)
		site Fe2  x  0 y  0.5 z  0.5 occ Fe  1 beq =beqFe2;:0.44156_0.00675
		mlx 0.0
		mly 0.0
		mlz =mlzFe2;:0.49691_0.00899
		MM_CrystalAxis_Display( 0.00000, 0.00000, 1.89086_0.03423)
		site Fe2  x  0.5 y  0 z  0.5 occ Fe  1 beq =beqFe2;:0.44156_0.00675
		mlx 0.0
		mly 0.0
		mlz =mlzFe2;:0.49691_0.00899
		MM_CrystalAxis_Display( 0.00000, 0.00000, 1.89086_0.03423)
		scale =scale_nuclear4;:5.44689623_0.07165
		r_bragg  5.90225677
		
		TOF_PV(@, 0.00010_175.07644,@ , 0.661623365_412253852, difc2_90)                              ' TOF Peusdo-Voigt function 
	
		moderator_mic_NOMAD(two_theta,122,tspow41, 5.18364_0.69837,alph041, 0.00100_52.45754,alph141, 32.15324_23.85400,beta041, 0.00100_0.07381,beta141, 0.09625_0.40971,k_eff41, 4893011637.30782_7.36637,hk41, 1229114010614.82400_7.36637)

#endif

#ifdef Si_NOMAD_bank5 
xdd NOM_Sn_Doped_0P25_at_100K-4.xye
r_wp  4.3996583 r_exp  0.29811528 r_p  3.50954343 r_wp_dash  6.12634165 r_p_dash  6.53444842 r_exp_dash  0.415113159 weighted_Durbin_Watson  0.163503069 gof  14.7582449
	NeutronDiffraction
	
	scale_pks = D_spacing^4;

	
	local alpha0  153.67510 min -200 max 200            
    local alpha1 -55.53365 min -200 max 200            
	local beta0  31.24596 min -200 max 200            
	local beta1  0.43264  min -200 max 200
	
    local !Lpath 20.09
	local !two_theta 154
	local mu  0.05036_0.00531 min 0 max 1
	Abs_Lobanov
    
	
    bkg @  0.519206881_0.00197816601 -0.220814757_0.00293495095  0.0724584777_0.00228287728 -0.0329245731_0.00212560477
	start_X  4300
	finish_X 15000    
	TOF_x_axis_calibration(!t05_90, 1.71449 , !difc5_90, 9902.82137, difa5_90,-13.16228_0.89921)
	str
	phase_name "bank5"
	scale @  3.61077391_0.09508
	peak_type pv
	TOF_PV(@, 449.52420_4.29781,@ , 0.286900433_0.00890004537, difc5_90)


	'GSAS_btb
	 TOF_Exponential (a51, 44.96601_2.76910, a52, 89.41944_8.01334, 4, difc5_90, +)
	 wifd_mic_moderator(two_theta,154,tspow5, 3.04538_1274.91702,tauf_05, 0.14186_0.10765,tauf_15, 0.01000_0.13568,taus_05, 0.00415_0.00021,taus_15, 0.05318_0.00158,t_eff5, 3744681893.88487_13.60273,hhh5, 0.11149_0.00572)
	 #endif
	        
'------------------------------------------------------------------------------------------ ### Main refinement block ###


'----------------------------------------------------------------------------------------### user defined macros ###
macro NeutronDiffraction
{  TOF_LAM(0.001)
	neutron_data
	x_calculation_step = Yobs_dx_at(Xo);
	weighting = If(SigmaYobs < 0.0001, 0.001, 1/SigmaYobs^2);     'trouble from very weak diffraction data points
}

macro GSAS_btb                                                                                    'GSAS back to back function type 3, GSAS manual page 150  
{

   push_peak                 
   	exp_conv_const = alpha0 + alpha1 / D_spacing;
   bring_2nd_peak_to_top   
      exp_conv_const = beta0 + beta1 / D_spacing^4;
   add_pop_1st_2nd_peak 
   
}

macro modified_GSAS_btb(, alph0,,alph1,,beta0,,beta1)                                          'From John Evans old peakshape for GEM peak shape  
{
push_peak 
    exp_conv_const = alph0 + alph1 / D_spacing;
	bring_2nd_peak_to_top
      user_defined_convolution = beta0 Exp( beta1  X) / D_spacing^4;  
            min 0
            max = -Ln(0.001) / beta1;
   add_pop_1st_2nd_peak
     
   
}

macro modified_TOF_Exponential(a0, a0v, a1, a1v, a2, a2v, tpow1, tpow1v, & wexp, & t1, lr)    'TOF exponential 
	{   
		#m_argu a0
		#m_argu a1
		#m_argu a2
	    prm  tpow1 tpow1v
		If_Prm_Eqn_Rpt(a0, a0v, min = Max(Val .3, 1e-6); max = 2 Val + 1; )
		If_Prm_Eqn_Rpt(a1, a1v, min = Max(Val .3, 1e-6); max = 2 Val + 1; )
		If_Prm_Eqn_Rpt(a2, a2v, min = Max(Val .3, 1e-6); max = 2 Val + 1; )
		
		exp_conv_const = lr Constant(t1) / (CeV(a0,a0v) + CeV(a2,a2v)/D_spacing^tpow1 + CeV(a1,a1v) / D_spacing^wexp);
	}


macro GSAS_Ikeda_Carpenter(two_theta, two_thetav, tpow, tpowv, alph0,alph0v,alph1,alph1v,beta0,beta0v,beta1, beta1v, k_eff,k_effv, Acons, Aconsv)  'GSAS type 2 bank, moderator line shape                                                                   'GSAS type_2 function, GSAS manual page 146 
{ 
 local !two_theta two_thetav 
 local  !lam = 2 D_spacing Sin(0.00872664626 two_theta)  ; 
 prm tpow tpowv min 1 max 5
 prm alph = 1/(alph0 + alph1 lam );
 prm alph0   alph0v min 0.001        
 prm alph1   alph1v min 0.01
 prm beta0   beta0v min 0.01
 prm beta1   beta1v min 0.01 
 prm beta = 1/(beta0 + beta1/lam^2 ); 
 prm k_eff   k_effv min 0.001
 prm Acons   Aconsv  min 0.001
 local  R1 = Acons Exp(-81.799/k_eff lam^2);
 user_defined_convolution =   X^tpow Exp(-X alph);
  min 0 max = 10 /alph;
 'local !R1 = Exp( -950 /(k_eff lam^2)) ;			
        push_peak  
                scale_top_peak = (1-R1); 
        bring_2nd_peak_to_top 
                exp_conv_const = -Ln(0.001) beta; 
				'user_defined_convolution = Exp (-X/beta); 
				min 0 max 1
                scale_top_peak = R1;   
        add_pop_1st_2nd_peak 
 
}

macro wifd_mic_moderator(two_theta,two_thetav,tspow,tspowv,tauf_0,tauf_0v,tauf_1,tauf_1v,taus_0,taus_0v,taus_1,taus_1v,t_eff,t_effv,hhh,hhhv) {                                'single pulse
   local  !two_theta two_thetav
	prm tspow   tspowv min 1.5 max 5.5   
	prm tauf_0  tauf_0v min 0.001        
	prm tauf_1  tauf_1v min 0.01         
	prm taus_0  taus_0v min 0.001        
	prm taus_1  taus_1v min 0.001        
	prm t_eff  t_effv min 90.0           
   prm hhh  hhhv min .001 
  ' prm double_pulse  double_pulsev min 0.001
	local  !lam = 2 D_spacing Sin(0.00872664626 two_theta)  ;

 	user_defined_convolution = X^tspow Exp(-X / (tauf_0 + tauf_1 lam )); 
   min 0 max = 10 (tauf_0 + tauf_1 lam );

	local !storage = Exp( -950 /(t_eff lam^2)) hhh;			
        push_peak  
                scale_top_peak = (1-storage); 
        bring_2nd_peak_to_top 
                exp_conv_const = -Ln(0.001) / (taus_0 + taus_1 / lam^2); 
                scale_top_peak = storage;   
        add_pop_1st_2nd_peak 
}




macro moderator_mic_NOMAD(two_theta,two_thetav,tspow,tspowv,alph0,alph0v,alph1,alph1v,beta0,beta0v,beta1,beta1v,k_eff,k_effv,hk,hkv)       'modified moderator peak shape, initial from Bill David
{
    local  !two_theta two_thetav
	prm tspow   tspowv min 1.5 max 5.5   
	prm alph0   alph0v min 0.001        
	prm alph1   alph1v min 0.01         
	prm beta0   beta0v min 0.001        
	prm beta1   beta1v min 0.001        
	prm k_eff   k_effv min 90.0           
    prm hk      hkv min .001 
	local  !lam = 2 D_spacing Sin(0.00872664626 two_theta)  ;
 
 	user_defined_convolution = X^tspow Exp(-X / (alph0 + alph1 lam ));      ' slowdown neutron 1/E
     min 0 max = 10 (alph0 + alph1 lam );
 
	local !Rstorage = Exp(-950/(k_eff lam^2)) hk;	                     ' storage neutron, maxvillian distribution   		
        push_peak  
                scale_top_peak = (1-Rstorage); 
        bring_2nd_peak_to_top 
                exp_conv_const = -Ln(0.001) / (beta0 + beta1 / lam^2); 
                scale_top_peak = Rstorage;   
        add_pop_1st_2nd_peak 
}


macro wifd_pkshape_anneal_1(two_theta,two_thetav,aprm,aprmv,tauf_2,tauf_2v,tauf_1,tauf_1v,tauf_0,tauf_0v,taus_0,taus_0v,taus_1,taus_1v,t_eff,t_effv,hhh,hhhv,hhh_0,hhh_0v) {
	local  !two_theta two_thetav
	local  !lam = 2 D_spacing Sin(0.00872664626 two_theta)  ;
	prm aprm    aprmv min 1.5 max 2.5  
	prm tauf_2  tauf_2v min 0.01    val_on_continue = Rand(0.01,1);
	prm tauf_1  tauf_1v min 0.01    val_on_continue = Rand(0.01,1);
	prm tauf_0  tauf_0v min 0.001   val_on_continue = Rand(0.01,1);          
	user_defined_convolution = X^aprm Exp(-X / (tauf_0 + tauf_1 lam + tauf_2 lam^2)); min 0 max = 20 aprm tauf_1 lam;

	prm taus_0  taus_0v min 0.001   val_on_continue = Rand(0.01,1); 
	prm taus_1  taus_1v min 0.001   val_on_continue = Rand(0.01,1);
	prm t_eff  t_effv min 90.0 val_on_continue = Rand(10,1000);
	local storage = Exp( -950 /(t_eff lam lam)) ;			
        push_peak 
                prm hhh  hhhv min .001 
                prm hhh_0  hhh_0v min 0.001
                hat = hhh_0 + hhh D_spacing; 
                scale_top_peak = (1-storage); 
        bring_2nd_peak_to_top 
		  			 hat = hhh_0 + hhh D_spacing;
                scale_top_peak = storage;   
                exp_conv_const = -Ln(0.001) (taus_0 + lam taus_1); 
        add_pop_1st_2nd_peak 
}


macro Abs_Lobanov                                             'Lobanov absorption macro with calculated lambda for wavelength dependence of mu (as per GSAS manual), from Pam Whitfield
{
local !Lf = Lpath;      '  flightpath
prm   !h_bar 6.626176e-34 ' Plank's constant
prm   !m_n 1.67495e-27 ' neutron mass
local !td_const = 10^4 h_bar/(m_n Lf);
local !sintheta = Sin(Deg_on_2 two_theta);
local !lambda = Xo 10^4 h_bar/(m_n Lf);
local !k0 = 1.697653;
local !k1 = (25.99978 - (0.01911 sintheta^0.5)Exp(-0.024514 sintheta^2)) + 0.109561 sintheta - 26.0456;:  0.01578
local !k2 = -0.02489 - (0.39499 sintheta^2) + (1.219077 sintheta^3) - (1.31268 sintheta^4) + (0.871081 sintheta^5) 
           - (0.2327 sintheta^6);:0.00535
local !k3 = 0.003045 + (0.018167 sintheta^2) - (0.03305 sintheta^4);:0.00387
local !k4 = 1.433902 + (11.07504 sintheta^2) - (8.77629 sintheta^4) + (10.02088 sintheta^6) - (3.36778 sintheta^8);:5.81947
local !k5 = ((0.013869 - 0.01249 sintheta^2)Exp(3.27094 sintheta^2)) + ((0.337894 + (13.77317 sintheta^2))/((1 + 11.53544 sintheta^2)^1.555039));:0.40847
local !k6 = (1.933433 / (1 + 23.12967 sintheta^2)^1.686715) - 0.13576 sintheta + 1.163198;:1.09426
local !k7 = 0.044365 - (0.04259/((1 + 0.41051 sintheta^2)^148.4202));:0.04436
scale_pks = If( (mu*lambda) < 3, Exp(-k0 (mu*lambda) - k1 (mu*lambda)^2 - k2 (mu*lambda)^3 - k3 (mu*lambda)^4),
				Exp((k4 - k7/(1 + k5 ((mu*lambda)-3))^k6)+k7)
				);				
}


'----------------------------------------------------------------------------------------### user defined macros ###
C_matrix_normalized
{
                             1   2   3   4   5   6   7   8   9  10  11  12  13  14  15  16  17  18  19  20  21  22  23  24  25  26  27  28  29  30  31  32  33  34  35  36  37  38  39  40
mu_19202496            1:  100  35  -1  10 -23 -32 -13 -19  -9  88  44  44  60  48   6   0  14 -21  51 -14   0  -9  10  12  10   1 -20  16   7 -12  28  -3   3   0   0 -27  35   0  -2   3
difa2_90               2:   35 100   2   3 -10 -11  -5  -6  -6  28  14  14  18  16 -27  -6  85 -81  70 -50   0 -62  -0   4   5   1  -6   5   2  -3   9  -3   0   1   2  -8  10   0  -1   2
bkg17653696            3:   -1   2 100  22  45  33  23   1  -6 -25  10  10  12  15  -1  -0   2  -4   3 -13   0   1 -53   4   5   1  -4   3   1  -1   7  -4  -1   2   3  -5   6  -0  -1   2
bkg17653952            4:   10   3  22 100  52  50  37  38   5  25  -8  -8 -11 -13   4  -1   1   1   3  10   0  -2  40  -4  -4  -1   4  -3  -1   1  -6   3   0  -2  -2   5  -5   0   1  -1
bkg17651904            5:  -23 -10  45  52 100  61  56  31  -2 -11   6   6   8   8 -10  -1  -4   3 -13  -3  -0   5   5   2   2   0  -3   2   1  -1   4  -1   0   0   0  -4   4  -0  -1   1
bkg25910592            6:  -32 -11  33  50  61 100  60  47   5 -31 -19 -19 -30 -25   2  -1  -4   7 -17   8  -0   2  -6  -7  -5  -0   9  -8  -3   5 -14   2  -1  -0  -0  13 -16   0   2  -2
bkg25911872            7:  -13  -5  23  37  56  60 100  55   1   0   3   3   3   2  -5  -2  -2   1 -11   3  -0   3  15   0  -0  -0  -1   1   1  -1   1   1   1  -1  -1  -2   2   0   0  -0
bkg25914176            8:  -19  -6   1  38  31  47  55 100  -1  -5  -6  -6 -11  -8  -4  -6  -1   1 -13   5  -0   4  19  -2  -0   0   3  -3  -1   2  -5  -1  -1   1   1   5  -6  -0   1   0
a                      9:   -9  -6  -6   5  -2   5   1  -1 100  -7 -12 -12 -10 -30  -4   5  -2   3  -7   9  -0 -51   5 -17 -76 -11   0  -1   8  -8 -14  73  25 -50 -53 -13  10   0   1 -29
scale_nuclear         10:   88  28 -25  25 -11 -31   0  -5  -7 100  46  46  63  50  -1  -0  11 -16  41  -8   0  -7  48  12   8   0 -21  17   7 -13  29  -1   4  -1  -1 -30  37   0  -2   2
beqSn                 11:   44  14  10  -8   6 -19   3  -6 -12  46 100 100  47  59 -12   3   7 -11  20 -20   0  -1  -2   7  14   2 -23  15  10 -23  26  -5   3   2  -1 -31  45  -0   4  -0
beqFe1                12:   44  14  10  -8   6 -19   3  -6 -12  46 100 100  47  59 -12   3   7 -11  20 -20   0  -1  -2   7  14   2 -23  15  10 -23  26  -5   3   2  -1 -31  45   0   4  -0
beqFe2                13:   60  18  12 -11   8 -30   3 -11 -10  63  47  47 100  68 -15  -2   8 -16  28 -25   0  -3  -0  20  11  -0 -30  25  10 -15  44  -2   6  -3  -1 -43  52   0  -5   4
beqN                  14:   48  16  15 -13   8 -25   2  -8 -30  50  59  59  68 100 -12  -3   7 -13  23 -22   0   8  -3  28  25   8 -24  21   3  -8  44 -19  -3  11  12 -29  32  -0  -8   9
m5c775a8f_4           15:    6 -27  -1   4 -10   2  -5  -4  -4  -1 -12 -12 -15 -12 100 -10 -26  28 -31  71  -0  31 -17  -2   2   0   5  -4  -2   4  -6  -4  -2   3   3   8 -10  -0   0   1
tspow2                16:    0  -6  -0  -1  -1  -1  -2  -6   5  -0   3   3  -2  -3 -10 100  -8  52  11 -10  -0 -37  -2  -2  -3  -1  -0  -0   1  -1  -2   3   1  -2  -3  -1   1   0   1  -2
alph02                17:   14  85   2   1  -4  -4  -2  -1  -2  11   7   7   8   7 -26  -8 100 -72  37 -35   0 -72  -2   2   2   0  -3   2   1  -2   4  -1   0   0   0  -4   5   0  -0   0
alph12                18:  -21 -81  -4   1   3   7   1   1   3 -16 -11 -11 -16 -13  28  52 -72 100 -46  46  -0  29   4  -3  -3  -0   5  -4  -2   3  -7   1  -1  -0  -0   7  -9  -0   1  -1
beta02                19:   51  70   3   3 -13 -17 -11 -13  -7  41  20  20  28  23 -31  11  37 -46 100 -68   0 -37  -1   6   7   1  -9   7   3  -5  13  -4   1   2   2 -12  15  -0  -1   2
beta12                20:  -14 -50 -13  10  -3   8   3   5   9  -8 -20 -20 -25 -22  71 -10 -35  46 -68 100  -0  34  20  -6  -8  -1   8  -7  -2   5 -12   5  -0  -3  -3  11 -14   0   1  -2
k_eff                 21:    0   0   0   0  -0  -0  -0  -0  -0   0   0   0   0   0  -0  -0   0  -0   0  -0 100  -0   0  -0  -0  -0   0   0   0  -0   0   0  -0   0   0  -0   0   0  -0   0
hk                    22:   -9 -62   1  -2   5   2   3   4 -51  -7  -1  -1  -3   8  31 -37 -72  29 -37  34  -0 100   1   7  39   6   3  -2  -5   6   3 -38 -14  26  28  11 -11  -0  -0  15
pv_lor23954704_       23:   10  -0 -53  40   5  -6  15  19   5  48  -2  -2  -0  -3 -17  -2  -2   4  -1  20   0   1 100  -1  -4  -1   0  -0   0  -0  -1   3   1  -2  -3  -1   0   0   0  -1
mu_19203744           24:   12   4   4  -4   2  -7   0  -2 -17  12   7   7  20  28  -2  -2   2  -3   6  -6  -0   7  -1 100  12  -9  30   7 -39  46  86 -12  -7  11  12  17 -62  -0 -15   6
difa3_90              25:   10   5   5  -4   2  -5  -0  -0 -76   8  14  14  11  25   2  -3   2  -3   7  -8  -0  39  -4  12 100  11  -4   3  -9   7  10 -25  30   1 -13  12 -10   0   2   9
bkg25914432           26:    1   1   1  -1   0  -0  -0   0 -11   0   2   2  -0   8   0  -1   0  -0   1  -1  -0   6  -1  -9  11 100  21  -8   8  -3 -38  -8   4  -1   0  52  16   0  42 -35
bkg25912640           27:  -20  -6  -4   4  -3   9  -1   3   0 -21 -23 -23 -30 -24   5  -0  -3   5  -9   8   0   3   0  30  -4  21 100  60  40  59  28  -3  -8   7   7   5 -47  -0 -15  18
bkg25912896           28:   16   5   3  -3   2  -8   1  -3  -1  17  15  15  25  21  -4  -0   2  -4   7  -7   0  -2  -0   7   3  -8  60 100  72  52  41   5   3  -2  -2 -58  -2   0 -36  25
bkg25911616           29:    7   2   1  -1   1  -3   1  -1   8   7  10  10  10   3  -2   1   1  -2   3  -2   0  -5   0 -39  -9   8  40  72 100  28 -12   6  -2   0  -1 -48  35   0 -13  11
bkg25911360           30:  -12  -3  -1   1  -1   5  -1   2  -8 -13 -23 -23 -15  -8   4  -1  -2   3  -5   5  -0   6  -0  46   7  -3  59  52  28 100  45  -3  -4   6   5  -2 -58  -0 -24   6
scale_nuclear3        31:   28   9   7  -6   4 -14   1  -5 -14  29  26  26  44  44  -6  -2   4  -7  13 -12   0   3  -1  86  10 -38  28  41 -12  45 100  -7  -6   9  10 -30 -40  -0 -37  25
m5c775a8f_5           32:   -3  -3  -4   3  -1   2   1  -1  73  -1  -5  -5  -2 -19  -4   3  -1   1  -4   5   0 -38   3 -12 -25  -8  -3   5   6  -3  -7 100  71 -81 -83 -13   4   0  -4 -48
tspow3                33:    3   0  -1   0   0  -1   1  -1  25   4   3   3   6  -3  -2   1   0  -1   1  -0  -0 -14   1  -7  30   4  -8   3  -2  -4  -6  71 100 -94 -88   3   1   0   9 -31
alph03                34:    0   1   2  -2   0  -0  -1   1 -50  -1   2   2  -3  11   3  -2   0  -0   2  -3   0  26  -2  11   1  -1   7  -2   0   6   9 -81 -94 100  85  -0  -2  -0  -8  35
alph13                35:    0   2   3  -2   0  -0  -1   1 -53  -1  -1  -1  -1  12   3  -3   0  -0   2  -3   0  28  -3  12 -13   0   7  -2  -1   5  10 -83 -88  85 100   2  -5  -0  -8  36
beta03                36:  -27  -8  -5   5  -4  13  -2   5 -13 -30 -31 -31 -43 -29   8  -1  -4   7 -12  11  -0  11  -1  17  12  52   5 -58 -48  -2 -30 -13   3  -0   2 100 -34  -0  62 -24
beta13                37:   35  10   6  -5   4 -16   2  -6  10  37  45  45  52  32 -10   1   5  -9  15 -14   0 -11   0 -62 -10  16 -47  -2  35 -58 -40   4   1  -2  -5 -34 100   0  29 -11
k_eff3                38:    0   0  -0   0  -0   0   0  -0   0   0  -0   0   0  -0  -0   0   0  -0  -0   0   0  -0   0  -0   0   0  -0   0   0  -0  -0   0   0  -0  -0  -0   0 100   0  -0
hk3                   39:   -2  -1  -1   1  -1   2   0   1   1  -2   4   4  -5  -8   0   1  -0   1  -1   1  -0  -0   0 -15   2  42 -15 -36 -13 -24 -37  -4   9  -8  -8  62  29   0 100 -48
pv_lor23951968_       40:    3   2   2  -1   1  -2  -0   0 -29   2  -0  -0   4   9   1  -2   0  -1   2  -2   0  15  -1   6   9 -35  18  25  11   6  25 -48 -31  35  36 -24 -11  -0 -48 100
}