================================
Time stamp: 2020-07-16 20:04:57
================================
Total # of tetrhedrons:      216
================================

------------------------
Breakup of statistics
------------------------
     |   #   |  Ratio  |
------------------------
TM0  |    57 |  26.39% |
------------------------
TM1  |    84 |  38.89% |
------------------------
TM2  |    56 |  25.93% |
------------------------
TM3  |    16 |   7.41% |
------------------------
TM4  |     3 |   1.39% |
------------------------