
'----------------------------------------------------------------------------------------### refinement methods ###
iters 0
chi2_convergence_criteria 0.000001
'Auto_T(2)                                                    ' simulated annealing 
do_errors
no_LIMIT_warnings
'continue_after_convergence
r_wp  85.0682831 r_exp  0.421048501 r_p  62.3310316 r_wp_dash  98.6562487 r_p_dash  97.4144454 r_exp_dash  0.488302621 weighted_Durbin_Watson  0.00521111053 gof  202.039154
'----------------------------------------------------------------------------------------### refinement methods ###


'----------------------------------------------------------------------------------------### Global parameters ###
'prm a  3.80539_0.00169
'prm beqSn  6.13453_0.41496 min=0;
'prm beqFe1  0.00000_0.02459 min=0;
'prm beqFe2  0.68288_0.00973 min=0;
'prm beqN  0.59794_0.01734 min=0;
'prm scale1  1.00000
'prm scale2  1.00000
'prm scale3  1.00000
'prm scale4  1.00000
'prm mlxFe1  0.09619_0.01059
'prm mlxFe2  0.85227_0.01987
'----------------------------------------------------------------------------------------### Global parameters ### 



'------------------------------------------------------------------------------------------ ### Defining data sets ###
#define Si_NOMAD_bank2             
#define Si_NOMAD_bank3
'#define Si_NOMAD_bank4
'#define Si_NOMAD_bank5
'------------------------------------------------------------------------------------------ ### Defining data sets ###



'------------------------------------------------------------------------------------------ ### Main refinement block ### 
#ifdef Si_NOMAD_bank2 
xdd "NOM_Sn1Fe3_10_K-1.xye"
r_wp  77.0284914 r_exp  0.758960074 r_p  53.6779668 r_wp_dash  97.9107057 r_p_dash  96.7895573 r_exp_dash  0.964712084 weighted_Durbin_Watson  0.00269115498 gof  101.492152

	NeutronDiffraction                                              ' TOF neutron diffraction data
	local alpha0 -52.16841` min -200 max 200      ' GSAS back to back function                
    local alpha1  30.76918` min -200 max 200                
	local beta0  -10.09696` min -200 max 200                	
	local beta1  -1.37726` min -200 max 200                  	

	
	local !Lpath 21.125                         ' Using Lobanov absoprtion funciton for TOF neutron. Details in GSAS-I manual page 134 
	local !two_theta 31
	local mu  0.00000`_0.38200 min 0 max 1
	Abs_Lobanov
    
	scale_pks = D_spacing^4;              ' Scale peak intensity as d^4
	bkg @  0.947886632`_0.269302226 -0.157851926`_0.460181696  0.149126786`_0.414513233 -0.0496799823`_0.383941683  0.0478928812`_0.296492882 -0.0568957562`_0.273133849
	start_X 2006
	finish_X 14000 
	TOF_x_axis_calibration(!t02_90, 11.99445_2.51045 , !difc2_90, 2846.73760_6.81217, difa2_90,  2.77576`_521.95882)         ' TOF = zero + difc*d + difa*d^2
	
	hkl_Is
		phase_name "Sn1Fe3"
		space_group "Pm-3m"
		load hkl_m_d_th2 I 
		{
			   5   2   0  24    0.705124     2020.67706   @  1.00000`_125.69392
			   4   3   2  48    0.705124     2020.67706   @  1.00000`_125.69392
			   5   1   1  24    0.730773     2093.79582   @  1.00000`_104.00059
			   3   3   3   8    0.730773     2093.79582   @  1.00000`_104.00059
			   5   1   0  24    0.744694     2133.48152   @  1.00000`_83.12299
			   4   3   1  48    0.744694     2133.48152   @  1.00000`_83.12299
			   5   0   0   6    0.759442     2175.52633   @  1.00000`_76.98557
			   4   3   0  24    0.759442     2175.52633   @  1.00000`_76.98557
			   4   2   2  24    0.775102     2220.17362   @  1.00000`_164.13674
			   3   3   2  24    0.809567     2318.43983   @  1.00000`_127.17097
			   4   2   1  48    0.828619     2372.76037   @  1.00000`_102.45220
			   4   2   0  24    0.849082     2431.10790   @  1.00000`_103.90675
			   3   3   1  24    0.871139     2494.00581   @  1.00000`_87.97661
			   3   3   0  12    0.895011     2562.07802   @  1.00000`_39.59214
			   4   1   1  24    0.895011     2562.07802   @  1.00000`_39.59214
			   4   1   0  24    0.920958     2636.07513   @  1.00000`_34.71829
			   3   2   2  24    0.920958     2636.07513   @  1.00000`_34.71829
			   4   0   0   6    0.949302     2716.90959   @  1.00000`_66.92868
			   3   2   1  48    1.014847     2903.85501   @  1.00000`_51.39098
			   3   2   0  24    1.053156     3013.13197   @  1.00000`_44.07904
			   2   2   2   8    1.096160     3135.80826   @  1.00000`_41.05217
			   3   1   1  24    1.144901     3274.86646   @  1.00000`_36.45471
			   3   1   0  24    1.200783     3434.30974   @  1.00000`_29.31911
			   3   0   0   6    1.265736     3619.65972   @  1.00000`_13.16009
			   2   2   1  24    1.265736     3619.65972   @  1.00000`_13.16009
			   2   2   0  12    1.342516     3838.78744   @  1.00000`_24.76324
			   2   1   1  24    1.550204     4431.68805   @  1.00000`_14.81139
			   2   1   0  24    1.698163     4854.22365   @  1.00000`_11.96410
			   2   0   0   6    1.898604     5426.82762   @  1.00000`_10.64525
			   1   1   1   8    2.192319     6266.29258   @  1.00000`_7.45690
			   1   1   0  12    2.685032     7675.58620   @  1.00000`_4.24678
			   1   0   0   6    3.797208     10861.67234  @  1.00000`_1.32827
		}

		Phase_LAC_1_on_cm( 0.00000)
		Phase_Density_g_on_cm3( 0.00000)
		Cubic(a  3.797208`_1.515561)

        scale scale_nuclear  1.76411189`_2.326
		
		TOF_PV(@, 2444.42591`_10473.48185,@ , 0.282267797`_12.2069729, difc2_90)
		
		'TOF_Exponential (a21, 60.08496_10.50278, a22, 35.28298_10.89156, 4, difc2_90, +)
		
		moderator_mic_NOMAD(two_theta,31,tspow2, 3.13904`_51744.87806,alph02, 0.42547`_511.84286,alph12, 0.01000`_513.02431,beta02, 0.00224`_0.33400,beta12, 0.03363`_1.38167,k_eff, 3154224397.52663`_202.03915,hk, 1.07131`_935.81289)
	
#endif

#ifdef Si_NOMAD_bank3 
xdd "NOM_Sn1Fe3_10_K-2.xye"
r_wp  86.6921958 r_exp  0.303099812 r_p  72.5474456 r_wp_dash  98.7839129 r_p_dash  97.9669755 r_exp_dash  0.345375788 weighted_Durbin_Watson  0.00251995555 gof  286.018639
	
	NeutronDiffraction
	scale_pks = D_spacing^4;  

	local alpha0  161.31318` min -200 max 200        
    local alpha1 -115.97847` min -200 max 200          
	local beta0  0.29532` min -200 max 200          
	local beta1 -1.24382`	  min -200 max 200
	
	local !Lpath 20.185
	local !two_theta 67
	local mu  0.00000`_1.23856 min 0 max 1
	Abs_Lobanov
	
	

	bkg @  0.536123795`_0.759527342 -0.425149887`_0.754810207 -0.0655424922`_0.379406648 -0.183321825`_0.244855115  0.162189583`_0.301109263
	start_X 3930
	finish_X 18000      
	TOF_x_axis_calibration(!t03_90,-14.73698_3.17494 , !difc3_90, 5641.48367_3.03622, difa3_90, -7.03167`_806.38993)
	
	hkl_Is
		phase_name "Sn1Fe3"
		space_group "Pm-3m"
		load hkl_m_d_th2 I 
		{
			   5   2   0  24    0.705124     3959.71141   @  1.00000`_114.06784
			   4   3   2  48    0.705124     3959.71141   @  1.00000`_114.06784
			   5   1   1  24    0.730773     4104.15196   @  1.00000`_97.04442
			   3   3   3   8    0.730773     4104.15196   @  1.00000`_97.04442
			   5   1   0  24    0.744694     4182.54115   @  1.00000`_81.25826
			   4   3   1  48    0.744694     4182.54115   @  1.00000`_81.25826
			   5   0   0   6    0.759442     4265.58488   @  1.00000`_77.77012
			   4   3   0  24    0.759442     4265.58488   @  1.00000`_77.77012
			   4   2   2  24    0.775102     4353.76287   @  1.00000`_90.42901
			   3   3   2  24    0.809567     4547.81610   @  1.00000`_75.75198
			   4   2   1  48    0.828619     4655.07398   @  1.00000`_69.88776
			   4   2   0  24    0.849082     4770.27315   @  1.00000`_68.48367
			   3   3   1  24    0.871139     4894.44471   @  1.00000`_63.73545
			   3   3   0  12    0.895011     5028.81751   @  1.00000`_54.32442
			   4   1   1  24    0.895011     5028.81751   @  1.00000`_54.32442
			   4   1   0  24    0.920958     5174.86974   @  1.00000`_50.42788
			   3   2   2  24    0.920958     5174.86974   @  1.00000`_50.42788
			   4   0   0   6    0.949302     5334.39799   @  1.00000`_48.42409
			   3   2   1  48    1.014847     5703.26111   @  1.00000`_45.84853
			   3   2   0  24    1.053156     5918.82637   @  1.00000`_47.27296
			   2   2   2   8    1.096160     6160.78010   @  1.00000`_46.00962
			   3   1   1  24    1.144901     6434.98784   @  1.00000`_42.78280
			   3   1   0  24    1.200783     6749.31965   @  1.00000`_38.13599
			   3   0   0   6    1.265736     7114.62664   @  1.00000`_29.71210
			   2   2   1  24    1.265736     7114.62664   @  1.00000`_29.71210
			   2   2   0  12    1.342516     7546.37025   @  1.00000`_25.22335
			   2   1   1  24    1.550204     8713.81371   @  1.00000`_20.80695
			   2   1   0  24    1.698163     9545.14446   @  1.00000`_14.79230
			   2   0   0   6    1.898604     10670.85944  @  1.00000`_9.49343
			   1   1   1   8    2.192319     12319.39915  @  1.00000`_6.64168
			   1   1   0  12    2.685032     15082.13045  @  1.00000`_5.53725
		}

		Phase_LAC_1_on_cm( 0.00000)
		Phase_Density_g_on_cm3( 0.00000)
		Cubic(=a;:3.797208`_1.515561)

		scale scale_nuclear3  4.59880246`_28.66
		
		TOF_PV(@, 2076.25986`_8181.92955,@ , 0.523651756`_12.4565527, difc3_90)
		
		moderator_mic_NOMAD(two_theta,67,tspow3, 5.50000`_6432.64635,alph03, 1.11898`_1031.55565,alph13, 0.81768`_452.72662,beta03, 0.00121`_0.21261,beta13, 0.00100`_0.73483,k_eff3, 4893011637.30782`_202.03915,hk3, 0.00295`_0.36976)
	
#endif

#ifdef Si_NOMAD_bank4 
xdd "NOM_Sn1Fe3_10_K-3.xye"
r_wp  3.15659208 r_exp  0.386501126 r_p  3.39229726 r_wp_dash  3.77675208 r_p_dash  5.52167232 r_exp_dash  0.462435086 weighted_Durbin_Watson  0.0758204406 gof  8.16709673
	
	NeutronDiffraction 
	scale_pks = D_spacing^4;
	
	local alpha0  199.99957 min -200 max 200         
    local alpha1 -83.31546 min -200 max 200          
	local beta0 -16.30142 min -200 max 200
	local beta1  1.68731 min -200 max 200
	
	local !Lpath 20.434
	local !two_theta 122
	local mu  0.07226_0.00301 min 0 max 1
	Abs_Lobanov
		
	bkg @  0.54469711_0.00357379898 -0.423082899_0.00572693365  0.132134907_0.00504644193 -0.109227496_0.00384882074  0.0393285426_0.0030338439
	start_X 3900
	finish_X 16500      
	TOF_x_axis_calibration(!t04_90, 1.84634, !difc4_90, 9032.92789, difa4_90,  -8.20525)

	str
		phase_name "Sn1Fe3"
		space_group Pm-3m
		Phase_LAC_1_on_cm( 0.00000)
		Phase_Density_g_on_cm3( 7.62795_0.00149)
		Cubic(=a;:3.805218_0.000247)
		site Sn x  0 y  0 z  0 occ Sn 0.25 beq =beqSn;:1.69413_0.17534
		site Fe1 x  0 y  0 z  0 occ Fe 0.75 beq =beqFe1;:0.11244_0.01698
		site Fe2 x  0.5 y  0.5 z  0 occ Fe  1 beq =beqFe2;:0.44156_0.00675
		site N  x  0.5 y  0.5 z  0.5 occ N  1 beq =beqN;:0.39720_0.00771
		scale scale_nuclear4  5.44689623_0.07165
		
		TOF_PV(@, 2382.58937_11.89959,@ , 0.480293747_0.00847911878, difc2_90)
		
		moderator_mic_NOMAD(two_theta,122,tspow4, 1.50000_14.48612,alph04, 0.31697_0.15795,alph14, 0.29067_0.13265,beta04, 0.00314_0.00017,beta14, 0.04894_0.00088,k_eff4, 4893011637.30782_7.36637,hk4, 0.14691_0.00519)
	
	str
		phase_name "Sn3Fe1_magnetic"
		mag_only_for_mag_sites
		Cubic(=a;:3.805218_0.000247)
		mag_space_group 1.1
		site Fe1  x  0 y  0 z  0 occ Fe 0.75 beq =beqFe1;:  0.11244_0.01698
		mlx 0.0
		mly 0.0
		mlz =mlzFe1;:1.25182_0.03367
		MM_CrystalAxis_Display( 0.00000, 0.00000, 4.76344_0.12811)
		site Fe2  x  0.5 y  0.5 z  0 occ Fe  1 beq =beqFe2;:0.44156_0.00675
		mlx 0.0
		mly 0.0
		mlz =mlzFe2;:0.49691_0.00899
		MM_CrystalAxis_Display( 0.00000, 0.00000, 1.89086_0.03423)
		site Fe2  x  0 y  0.5 z  0.5 occ Fe  1 beq =beqFe2;:0.44156_0.00675
		mlx 0.0
		mly 0.0
		mlz =mlzFe2;:0.49691_0.00899
		MM_CrystalAxis_Display( 0.00000, 0.00000, 1.89086_0.03423)
		site Fe2  x  0.5 y  0 z  0.5 occ Fe  1 beq =beqFe2;:0.44156_0.00675
		mlx 0.0
		mly 0.0
		mlz =mlzFe2;:0.49691_0.00899
		MM_CrystalAxis_Display( 0.00000, 0.00000, 1.89086_0.03423)
		scale =scale_nuclear4;:5.44689623_0.07165
		r_bragg  5.90225677
		
		TOF_PV(@, 0.00010_175.07644,@ , 0.661623365_412253852, difc2_90)                              ' TOF Peusdo-Voigt function 
	
		moderator_mic_NOMAD(two_theta,122,tspow41, 5.18364_0.69837,alph041, 0.00100_52.45754,alph141, 32.15324_23.85400,beta041, 0.00100_0.07381,beta141, 0.09625_0.40971,k_eff41, 4893011637.30782_7.36637,hk41, 1229114010614.82400_7.36637)

#endif

#ifdef Si_NOMAD_bank5 
xdd NOM_Sn_Doped_0P25_at_100K-4.xye
r_wp  4.3996583 r_exp  0.29811528 r_p  3.50954343 r_wp_dash  6.12634165 r_p_dash  6.53444842 r_exp_dash  0.415113159 weighted_Durbin_Watson  0.163503069 gof  14.7582449
	NeutronDiffraction
	
	scale_pks = D_spacing^4;

	
	local alpha0  153.67510 min -200 max 200            
    local alpha1 -55.53365 min -200 max 200            
	local beta0  31.24596 min -200 max 200            
	local beta1  0.43264  min -200 max 200
	
    local !Lpath 20.09
	local !two_theta 154
	local mu  0.05036_0.00531 min 0 max 1
	Abs_Lobanov
    
	
    bkg @  0.519206881_0.00197816601 -0.220814757_0.00293495095  0.0724584777_0.00228287728 -0.0329245731_0.00212560477
	start_X  4300
	finish_X 15000    
	TOF_x_axis_calibration(!t05_90, 1.71449 , !difc5_90, 9902.82137, difa5_90,-13.16228_0.89921)
	str
	phase_name "bank5"
	scale @  3.61077391_0.09508
	peak_type pv
	TOF_PV(@, 449.52420_4.29781,@ , 0.286900433_0.00890004537, difc5_90)


	'GSAS_btb
	 TOF_Exponential (a51, 44.96601_2.76910, a52, 89.41944_8.01334, 4, difc5_90, +)
	 wifd_mic_moderator(two_theta,154,tspow5, 3.04538_1274.91702,tauf_05, 0.14186_0.10765,tauf_15, 0.01000_0.13568,taus_05, 0.00415_0.00021,taus_15, 0.05318_0.00158,t_eff5, 3744681893.88487_13.60273,hhh5, 0.11149_0.00572)
	 #endif
	        
'------------------------------------------------------------------------------------------ ### Main refinement block ###


'----------------------------------------------------------------------------------------### user defined macros ###
macro NeutronDiffraction
{  TOF_LAM(0.001)
	neutron_data
	x_calculation_step = Yobs_dx_at(Xo);
	weighting = If(SigmaYobs < 0.0001, 0.001, 1/SigmaYobs^2);     'trouble from very weak diffraction data points
}

macro GSAS_btb                                                                                    'GSAS back to back function type 3, GSAS manual page 150  
{

   push_peak                 
   	exp_conv_const = alpha0 + alpha1 / D_spacing;
   bring_2nd_peak_to_top   
      exp_conv_const = beta0 + beta1 / D_spacing^4;
   add_pop_1st_2nd_peak 
   
}

macro modified_GSAS_btb(, alph0,,alph1,,beta0,,beta1)                                          'From John Evans old peakshape for GEM peak shape  
{
push_peak 
    exp_conv_const = alph0 + alph1 / D_spacing;
	bring_2nd_peak_to_top
      user_defined_convolution = beta0 Exp( beta1  X) / D_spacing^4;  
            min 0
            max = -Ln(0.001) / beta1;
   add_pop_1st_2nd_peak
     
   
}

macro modified_TOF_Exponential(a0, a0v, a1, a1v, a2, a2v, tpow1, tpow1v, & wexp, & t1, lr)    'TOF exponential 
	{   
		#m_argu a0
		#m_argu a1
		#m_argu a2
	    prm  tpow1 tpow1v
		If_Prm_Eqn_Rpt(a0, a0v, min = Max(Val .3, 1e-6); max = 2 Val + 1; )
		If_Prm_Eqn_Rpt(a1, a1v, min = Max(Val .3, 1e-6); max = 2 Val + 1; )
		If_Prm_Eqn_Rpt(a2, a2v, min = Max(Val .3, 1e-6); max = 2 Val + 1; )
		
		exp_conv_const = lr Constant(t1) / (CeV(a0,a0v) + CeV(a2,a2v)/D_spacing^tpow1 + CeV(a1,a1v) / D_spacing^wexp);
	}


macro GSAS_Ikeda_Carpenter(two_theta, two_thetav, tpow, tpowv, alph0,alph0v,alph1,alph1v,beta0,beta0v,beta1, beta1v, k_eff,k_effv, Acons, Aconsv)  'GSAS type 2 bank, moderator line shape                                                                   'GSAS type_2 function, GSAS manual page 146 
{ 
 local !two_theta two_thetav 
 local  !lam = 2 D_spacing Sin(0.00872664626 two_theta)  ; 
 prm tpow tpowv min 1 max 5
 prm alph = 1/(alph0 + alph1 lam );
 prm alph0   alph0v min 0.001        
 prm alph1   alph1v min 0.01
 prm beta0   beta0v min 0.01
 prm beta1   beta1v min 0.01 
 prm beta = 1/(beta0 + beta1/lam^2 ); 
 prm k_eff   k_effv min 0.001
 prm Acons   Aconsv  min 0.001
 local  R1 = Acons Exp(-81.799/k_eff lam^2);
 user_defined_convolution =   X^tpow Exp(-X alph);
  min 0 max = 10 /alph;
 'local !R1 = Exp( -950 /(k_eff lam^2)) ;			
        push_peak  
                scale_top_peak = (1-R1); 
        bring_2nd_peak_to_top 
                exp_conv_const = -Ln(0.001) beta; 
				'user_defined_convolution = Exp (-X/beta); 
				min 0 max 1
                scale_top_peak = R1;   
        add_pop_1st_2nd_peak 
 
}

macro wifd_mic_moderator(two_theta,two_thetav,tspow,tspowv,tauf_0,tauf_0v,tauf_1,tauf_1v,taus_0,taus_0v,taus_1,taus_1v,t_eff,t_effv,hhh,hhhv) {                                'single pulse
   local  !two_theta two_thetav
	prm tspow   tspowv min 1.5 max 5.5   
	prm tauf_0  tauf_0v min 0.001        
	prm tauf_1  tauf_1v min 0.01         
	prm taus_0  taus_0v min 0.001        
	prm taus_1  taus_1v min 0.001        
	prm t_eff  t_effv min 90.0           
   prm hhh  hhhv min .001 
  ' prm double_pulse  double_pulsev min 0.001
	local  !lam = 2 D_spacing Sin(0.00872664626 two_theta)  ;

 	user_defined_convolution = X^tspow Exp(-X / (tauf_0 + tauf_1 lam )); 
   min 0 max = 10 (tauf_0 + tauf_1 lam );

	local !storage = Exp( -950 /(t_eff lam^2)) hhh;			
        push_peak  
                scale_top_peak = (1-storage); 
        bring_2nd_peak_to_top 
                exp_conv_const = -Ln(0.001) / (taus_0 + taus_1 / lam^2); 
                scale_top_peak = storage;   
        add_pop_1st_2nd_peak 
}




macro moderator_mic_NOMAD(two_theta,two_thetav,tspow,tspowv,alph0,alph0v,alph1,alph1v,beta0,beta0v,beta1,beta1v,k_eff,k_effv,hk,hkv)       'modified moderator peak shape, initial from Bill David
{
    local  !two_theta two_thetav
	prm tspow   tspowv min 1.5 max 5.5   
	prm alph0   alph0v min 0.001        
	prm alph1   alph1v min 0.01         
	prm beta0   beta0v min 0.001        
	prm beta1   beta1v min 0.001        
	prm k_eff   k_effv min 90.0           
    prm hk      hkv min .001 
	local  !lam = 2 D_spacing Sin(0.00872664626 two_theta)  ;
 
 	user_defined_convolution = X^tspow Exp(-X / (alph0 + alph1 lam ));      ' slowdown neutron 1/E
     min 0 max = 10 (alph0 + alph1 lam );
 
	local !Rstorage = Exp(-950/(k_eff lam^2)) hk;	                     ' storage neutron, maxvillian distribution   		
        push_peak  
                scale_top_peak = (1-Rstorage); 
        bring_2nd_peak_to_top 
                exp_conv_const = -Ln(0.001) / (beta0 + beta1 / lam^2); 
                scale_top_peak = Rstorage;   
        add_pop_1st_2nd_peak 
}


macro wifd_pkshape_anneal_1(two_theta,two_thetav,aprm,aprmv,tauf_2,tauf_2v,tauf_1,tauf_1v,tauf_0,tauf_0v,taus_0,taus_0v,taus_1,taus_1v,t_eff,t_effv,hhh,hhhv,hhh_0,hhh_0v) {
	local  !two_theta two_thetav
	local  !lam = 2 D_spacing Sin(0.00872664626 two_theta)  ;
	prm aprm    aprmv min 1.5 max 2.5  
	prm tauf_2  tauf_2v min 0.01    val_on_continue = Rand(0.01,1);
	prm tauf_1  tauf_1v min 0.01    val_on_continue = Rand(0.01,1);
	prm tauf_0  tauf_0v min 0.001   val_on_continue = Rand(0.01,1);          
	user_defined_convolution = X^aprm Exp(-X / (tauf_0 + tauf_1 lam + tauf_2 lam^2)); min 0 max = 20 aprm tauf_1 lam;

	prm taus_0  taus_0v min 0.001   val_on_continue = Rand(0.01,1); 
	prm taus_1  taus_1v min 0.001   val_on_continue = Rand(0.01,1);
	prm t_eff  t_effv min 90.0 val_on_continue = Rand(10,1000);
	local storage = Exp( -950 /(t_eff lam lam)) ;			
        push_peak 
                prm hhh  hhhv min .001 
                prm hhh_0  hhh_0v min 0.001
                hat = hhh_0 + hhh D_spacing; 
                scale_top_peak = (1-storage); 
        bring_2nd_peak_to_top 
		  			 hat = hhh_0 + hhh D_spacing;
                scale_top_peak = storage;   
                exp_conv_const = -Ln(0.001) (taus_0 + lam taus_1); 
        add_pop_1st_2nd_peak 
}


macro Abs_Lobanov                                             'Lobanov absorption macro with calculated lambda for wavelength dependence of mu (as per GSAS manual), from Pam Whitfield
{
local !Lf = Lpath;      '  flightpath
prm   !h_bar 6.626176e-34 ' Plank's constant
prm   !m_n 1.67495e-27 ' neutron mass
local !td_const = 10^4 h_bar/(m_n Lf);
local !sintheta = Sin(Deg_on_2 two_theta);
local !lambda = Xo 10^4 h_bar/(m_n Lf);
local !k0 = 1.697653;
local !k1 = (25.99978 - (0.01911 sintheta^0.5)Exp(-0.024514 sintheta^2)) + 0.109561 sintheta - 26.0456;:  0.01578
local !k2 = -0.02489 - (0.39499 sintheta^2) + (1.219077 sintheta^3) - (1.31268 sintheta^4) + (0.871081 sintheta^5) 
           - (0.2327 sintheta^6);:0.00535
local !k3 = 0.003045 + (0.018167 sintheta^2) - (0.03305 sintheta^4);:0.00387
local !k4 = 1.433902 + (11.07504 sintheta^2) - (8.77629 sintheta^4) + (10.02088 sintheta^6) - (3.36778 sintheta^8);:5.81947
local !k5 = ((0.013869 - 0.01249 sintheta^2)Exp(3.27094 sintheta^2)) + ((0.337894 + (13.77317 sintheta^2))/((1 + 11.53544 sintheta^2)^1.555039));:0.40847
local !k6 = (1.933433 / (1 + 23.12967 sintheta^2)^1.686715) - 0.13576 sintheta + 1.163198;:1.09426
local !k7 = 0.044365 - (0.04259/((1 + 0.41051 sintheta^2)^148.4202));:0.04436
scale_pks = If( (mu*lambda) < 3, Exp(-k0 (mu*lambda) - k1 (mu*lambda)^2 - k2 (mu*lambda)^3 - k3 (mu*lambda)^4),
				Exp((k4 - k7/(1 + k5 ((mu*lambda)-3))^k6)+k7)
				);				
}


'----------------------------------------------------------------------------------------### user defined macros ###
C_matrix_normalized
{
                             1   2   3   4   5   6   7   8   9  10  11  12  13  14  15  16  17  18  19  20  21  22  23  24  25  26  27  28  29  30  31  32  33  34  35  36  37  38  39  40  41  42  43  44  45  46  47  48  49  50  51  52  53  54  55  56  57  58  59  60  61  62  63  64  65  66  67  68  69  70  71  72  73  74  75  76  77  78  79  80  81  82  83  84  85  86  87  88  89  90  91  92  93  94  95  96  97  98  99
mu_103302384           1:  100  -0  39   7 -40 -30 -34   1   5   5   1   1   2   2   2   2   8   2   2   2   1  -2  -2  -1  -1   2  -5  -4  -5  -6  -6 -18 -18 -13 -19 -19 -19 -22 -34 -92  -0 -97  20 -18  -1 -12   0  -8  -0   8 -89   0   0   0  -0  -0   0  -0  -0  -0  -0  -0  -0  -0  -0  -0  -0  -0  -0  -0  -0  -0  -0  -0  -0  -0  -0  -0  -0  -0  -0  -0  -0  -0  -0  -0   0   0  -0  -0  -0   0  -0   0   0   0  -0   0   0
difa2_90               2:   -0 100 -13   9  -1  -2  -8   8   8   8  11  11   3   3   3   3   1   8   3   4   3   6   6   4   4   3   5   4   4   5   6  11  11   6  13  16  19  24  32 -16   9   9 -13   2  92 -58  59 -54   0 -70   5  -1  -7  -1   0   0  -1   2   1   1   1   1   1   1   1   1   1   1   1   1   1   1   1   1   1   1   1   1   1   1   1   1   1   1   1   1  -0  -1   1   1   1  -2   1  -1  -0  -1   0  -0  -0
bkg103574000           3:   39 -13 100 -15  49 -25  36 -13 -48 -48 -42 -42 -27 -27 -30 -30 -39 -44 -31 -34 -33 -37 -37 -35 -35 -37 -36 -30 -26 -23 -20 -22 -22 -14 -14 -14 -16 -22 -31 -24   0 -50   3  -4  -7   3 -18  10  -0   9 -41  -0  -0  -0   0   0  -0   0   0   0   0   0   0   0   0   0   0   0   0   0   0   0   0   0   0   0   0   0   0   0   0   0   0   0   0   0  -0  -0   0   0   0  -0   0  -0  -0  -0  -0  -0  -0
bkg103574256           4:    7   9 -15 100 -18  70 -17  51  64  64  53  53  34  34  37  37  52  53  37  40  38  39  39  37  37  40  33  26  20  15  11   7   7   2  -0   2   5   9   6 -14  -0   4   6  -5   6  -6  11  -9  -0  -4  -2   0   0   0  -0  -0   0  -0  -0  -0  -0  -0  -0  -0  -0  -0  -0  -0  -0  -0  -0  -0  -0  -0  -0  -0  -0  -0  -0  -0  -0  -0  -0  -0  -0  -0   0   0  -0  -0  -0   0  -0   0   0   0  -0   0   0
bkg103056192           5:  -40  -1  49 -18 100   1  68 -11 -53 -53 -44 -44 -28 -28 -31 -31 -46 -45 -33 -35 -34 -33 -33 -32 -32 -36 -28 -22 -17 -12  -7   3   3   6  16  17  15  12  13  38   0  33  -9   9  -1   4   1   1  -0  -1  33  -0  -0  -0   0   0  -0   0   0   0   0   0   0   0   0   0   0   0   0   0   0   0   0   0   0   0   0   0   0   0   0   0   0   0   0   0  -0  -0   0   0   0  -0   0  -0  -0  -0   0  -0  -0
bkg103056448           6:  -30  -2 -25  70   1 100  11  58  55  55  47  47  29  29  32  32  42  43  30  31  29  30  30  27  27  26  20  13   8   3  -3  -6  -6  -9 -11  -9  -4   1   3  31   0  30  -8   3   1   7  -9   8  -0  -4  23  -0  -0  -0   0   0  -0   0   0   0   0   0   0   0   0   0   0   0   0   0   0   0   0   0   0   0   0   0   0   0   0   0   0   0   0   0  -0  -0   0   0   0  -0   0  -0  -0  -0  -0  -0  -0
bkg236086480           7:  -34  -8  36 -17  68  11 100  -1 -44 -44 -37 -37 -23 -23 -25 -25 -36 -35 -24 -26 -24 -23 -23 -21 -21 -22 -13  -8  -3   2   7  13  13  15  19  15   6  -5 -13  40   1  27  -6   4  -5   4 -12  11  -0   4  24  -0  -1  -0   0   0  -0   0   0   0   0   0   0   0   0   0   0   0   0   0   0   0   0   0   0   0   0   0   0   0   0   0   0   0   0   0  -0  -0   0   0   0  -0   0  -0  -0  -0   0  -0  -0
bkg236086736           8:    1   8 -13  51 -11  58  -1 100  50  50  39  39  24  24  27  27  35  31  20  20  16  14  14  11  11   8  -3  -8 -12 -16 -20 -20 -20 -19  -8   3  13  19   6  -5  -0   2  -4 -11   8 -10   5  -7  -0  -3   1   0   0   0  -0  -0   0  -0  -0  -0  -0  -0  -0  -0  -0  -0  -0  -0  -0  -0  -0  -0  -0  -0  -0  -0  -0  -0  -0  -0  -0  -0  -0  -0  -0  -0   0   0  -0  -0  -0   0  -0   0   0   0   0   0   0
iprm237020320_         9:    5   8 -48  64 -53  55 -44  50 100 100  53  53  38  38  39  39  56  56  39  42  39  40  40  37  37  39  29  21  15   9   4  -2  -2  -6  -9  -6   0   7   8 -11  -1   3   3  -5   6  -4   7  -6   0  -4  -1   0   1   0  -0  -0   0  -0  -0  -0  -0  -0  -0  -0  -0  -0  -0  -0  -0  -0  -0  -0  -0  -0  -0  -0  -0  -0  -0  -0  -0  -0  -0  -0  -0  -0   0   0  -0  -0  -0   0  -0   0   0   0   0   0   0
iprm237020512_        10:    5   8 -48  64 -53  55 -44  50 100 100  53  53  38  38  39  39  56  56  39  42  39  40  40  37  37  39  29  21  15   9   4  -2  -2  -6  -9  -6   0   7   8 -11  -1   3   3  -5   6  -4   7  -6  -0  -4  -1   0   1   0  -0  -0   0  -0  -0  -0  -0  -0  -0  -0  -0  -0  -0  -0  -0  -0  -0  -0  -0  -0  -0  -0  -0  -0  -0  -0  -0  -0  -0  -0  -0  -0   0   0  -0  -0  -0   0  -0   0   0   0   0   0   0
iprm237020704_        11:    1  11 -42  53 -44  47 -37  39  53  53 100 100  -3  -3  45  45  39  49  32  35  35  35  35  30  30  30  27  19  14   9   4  -0  -0  -4  -7  -5  -0   5   6  -6  -1   6  -1  14  10   1   7  -6   0 -11  -0   0   1   0  -0  -0   0  -0  -0  -0  -0  -0  -0  -0  -0  -0  -0  -0  -0  -0  -0  -0  -0  -0  -0  -0  -0  -0  -0  -0  -0  -0  -0  -0  -0  -0   0   0  -0  -0  -0   0  -0   0   0   0   0   0   0
iprm237020896_        12:    1  11 -42  53 -44  47 -37  39  53  53 100 100  -3  -3  45  45  39  49  32  35  35  35  35  30  30  30  27  19  14   9   4  -0  -0  -4  -7  -5  -0   5   6  -6  -1   6  -1  14  10   1   7  -6   0 -11  -0   0   1   0  -0  -0   0  -0  -0  -0  -0  -0  -0  -0  -0  -0  -0  -0  -0  -0  -0  -0  -0  -0  -0  -0  -0  -0  -0  -0  -0  -0  -0  -0  -0  -0   0   0  -0  -0  -0   0  -0   0   0   0  -0   0   0
iprm237021088_        13:    2   3 -27  34 -28  29 -23  24  38  38  -3  -3 100 100 -18 -18  41  29  21  22  21  21  21  21  21  22  17  13  10   6   4   1   1  -2  -4  -2   0   4   5  -5   0   3   2  -6   2  -3   4  -3   0  -1   1  -0  -0  -0   0   0  -0   0   0   0   0   0   0   0   0   0   0   0   0   0   0   0   0   0   0   0   0   0   0   0   0   0   0   0   0   0  -0  -0   0   0   0  -0   0  -0  -0  -0   0  -0  -0
iprm237021280_        14:    2   3 -27  34 -28  29 -23  24  38  38  -3  -3 100 100 -18 -18  41  29  21  22  21  21  21  21  21  22  17  13  10   6   4   1   1  -2  -4  -2   0   4   5  -5   0   3   2  -6   2  -3   4  -3  -0  -1   1  -0  -0  -0   0   0  -0   0   0   0   0   0   0   0   0   0   0   0   0   0   0   0   0   0   0   0   0   0   0   0   0   0   0   0   0   0  -0  -0   0   0   0  -0   0  -0  -0  -0   0  -0  -0
iprm237021472_        15:    2   3 -30  37 -31  32 -25  27  39  39  45  45 -18 -18 100 100   5  33  23  25  23  23  23  23  23  24  18  14  10   7   4   1   1  -2  -4  -3   0   4   5  -6  -1   4   3  -6   2  -3   4  -3  -0  -0   1   0   0   0  -0  -0   0  -0  -0  -0  -0  -0  -0  -0  -0  -0  -0  -0  -0  -0  -0  -0  -0  -0  -0  -0  -0  -0  -0  -0  -0  -0  -0  -0  -0  -0   0   0  -0  -0  -0   0  -0   0   0   0  -0   0   0
iprm237021664_        16:    2   3 -30  37 -31  32 -25  27  39  39  45  45 -18 -18 100 100   5  33  23  25  23  23  23  23  23  24  18  14  10   7   4   1   1  -2  -4  -3   0   4   5  -6  -1   4   3  -6   2  -3   4  -3  -0  -0   1   0   0   0  -0  -0   0  -0  -0  -0  -0  -0  -0  -0  -0  -0  -0  -0  -0  -0  -0  -0  -0  -0  -0  -0  -0  -0  -0  -0  -0  -0  -0  -0  -0  -0   0   0  -0  -0  -0   0  -0   0   0   0   0   0   0
iprm237021856_        17:    8   1 -39  52 -46  42 -36  35  56  56  39  39  41  41   5   5 100  40  33  34  31  31  31  33  33  36  26  20  15  11   7   1   1  -2  -6  -4  -1   4   5 -13   0  -0   6 -21  -1  -7   4  -3  -0   5  -3  -0  -0  -0   0   0  -0   0   0   0   0   0   0   0   0   0   0   0   0   0   0   0   0   0   0   0   0   0   0   0   0   0   0   0   0   0  -0  -0   0   0   0  -0   0  -0  -0  -0  -0  -0  -0
iprm237022048_        18:    2   8 -44  53 -45  43 -35  31  56  56  49  49  29  29  33  33  40 100  11  40  33  36  36  32  32  34  30  23  18  13   9   4   4  -1  -5  -4  -0   4   5  -7   0   6   1   8   7  -1   7  -6   0  -8  -0  -0  -0  -0   0   0  -0   0   0   0   0   0   0   0   0   0   0   0   0   0   0   0   0   0   0   0   0   0   0   0   0   0   0   0   0   0  -0  -0   0   0   0  -0   0  -0  -0  -0  -0  -0  -0
iprm237022240_        19:    2   3 -31  37 -33  30 -24  20  39  39  32  32  21  21  23  23  33  11 100   2  29  24  24  24  24  26  21  17  14  10   7   4   4   1  -3  -2  -0   3   4  -6  -0   4   3  -5   2  -3   4  -3  -0  -0   1   0   0   0  -0  -0   0  -0  -0  -0  -0  -0  -0  -0  -0  -0  -0  -0  -0  -0  -0  -0  -0  -0  -0  -0  -0  -0  -0  -0  -0  -0  -0  -0  -0  -0   0   0  -0  -0  -0   0  -0   0   0   0   0   0   0
iprm237022432_        20:    2   4 -34  40 -35  31 -26  20  42  42  35  35  22  22  25  25  34  40   2 100   5  30  30  25  25  28  24  19  15  12   9   5   5   2  -2  -2  -1   2   4  -6   0   4   3  -2   3  -2   5  -3  -0  -2   0  -0  -0  -0   0   0  -0   0   0   0   0   0   0   0   0   0   0   0   0   0   0   0   0   0   0   0   0   0   0   0   0   0   0   0   0   0  -0  -0   0   0   0  -0   0  -0  -0  -0  -0  -0  -0
iprm237022624_        21:    1   3 -33  38 -34  29 -24  16  39  39  35  35  21  21  23  23  31  33  29   5 100   9   9  27  27  26  24  19  16  13  10   6   6   3  -2  -2  -1   1   3  -5  -2   5   2   4   2  -1   4  -3  -0  -2   0   0   1   0  -0  -0   0  -0  -0  -0  -0  -0  -0  -0  -0  -0  -0  -0  -0  -0  -0  -0  -0  -0  -0  -0  -0  -0  -0  -0  -0  -0  -0  -0  -0  -0   0   0  -0  -0  -0   0  -0   0   0   0  -0   0   0
iprm237022816_        22:   -2   6 -37  39 -33  30 -23  14  40  40  35  35  21  21  23  23  31  36  24  30   9 100 100  11  11  29  27  22  18  15  12  10  10   5   1  -0   1   3   5  -2   2  10   3   6   4  -1   7  -4   0  -5   4  -0  -1  -0   0   0  -0   0   0   0   0   0   0   0   0   0   0   0   0   0   0   0   0   0   0   0   0   0   0   0   0   0   0   0   0   0  -0  -0   0   0   0  -0   0  -0  -0  -0  -0  -0  -0
iprm237023008_        23:   -2   6 -37  39 -33  30 -23  14  40  40  35  35  21  21  23  23  31  36  24  30   9 100 100  11  11  29  27  22  18  15  12  10  10   5   1  -0   1   3   5  -2   2  10   3   6   4  -1   7  -4   0  -5   4  -0  -1  -0   0   0  -0   0   0   0   0   0   0   0   0   0   0   0   0   0   0   0   0   0   0   0   0   0   0   0   0   0   0   0   0   0  -0  -0   0   0   0  -0   0  -0  -0  -0   0  -0  -0
iprm237023200_        24:   -1   4 -35  37 -32  27 -21  11  37  37  30  30  21  21  23  23  33  32  24  25  27  11  11 100 100  17  25  22  19  16  13  11  11   6   2   1   1   3   6  -4  -0   9   5  -8   2  -3   6  -3   0  -1   5   0   0   0  -0  -0   0  -0  -0  -0  -0  -0  -0  -0  -0  -0  -0  -0  -0  -0  -0  -0  -0  -0  -0  -0  -0  -0  -0  -0  -0  -0  -0  -0  -0  -0   0   0  -0  -0  -0   0  -0   0   0   0  -0   0   0
iprm237023392_        25:   -1   4 -35  37 -32  27 -21  11  37  37  30  30  21  21  23  23  33  32  24  25  27  11  11 100 100  17  25  22  19  16  13  11  11   6   2   1   1   3   6  -4  -0   9   5  -8   2  -3   6  -3  -0  -1   5   0   0   0  -0  -0   0  -0  -0  -0  -0  -0  -0  -0  -0  -0  -0  -0  -0  -0  -0  -0  -0  -0  -0  -0  -0  -0  -0  -0  -0  -0  -0  -0  -0  -0   0   0  -0  -0  -0   0  -0   0   0   0   0   0   0
iprm237023584_        26:    2   3 -37  40 -36  26 -22   8  39  39  30  30  22  22  24  24  36  34  26  28  26  29  29  17  17 100  28  25  22  19  17  13  13   8   3   1  -0   1   4  -7  -1   7   6 -12   1  -4   5  -3  -0   1   2   0   1   0  -0  -0   0  -0  -0  -0  -0  -0  -0  -0  -0  -0  -0  -0  -0  -0  -0  -0  -0  -0  -0  -0  -0  -0  -0  -0  -0  -0  -0  -0  -0  -0   0   0  -0  -0  -0   0  -0   0   0   0   0   0   0
iprm237023776_        27:   -5   5 -36  33 -28  20 -13  -3  29  29  27  27  17  17  18  18  26  30  21  24  24  27  27  25  25  28 100  18  23  21  20  18  18  13   8   4   1   2   5  -1  -1  13   6   4   2  -2   8  -4   0  -2   7   0   1   0  -0  -0   0  -0  -0  -0  -0  -0  -0  -0  -0  -0  -0  -0  -0  -0  -0  -0  -0  -0  -0  -0  -0  -0  -0  -0  -0  -0  -0  -0  -0  -0   0   0  -0  -0  -0   0  -0   0   0   0   0   0   0
iprm237023968_        28:   -4   4 -30  26 -22  13  -8  -8  21  21  19  19  13  13  14  14  20  23  17  19  19  22  22  22  22  25  18 100  15  20  20  18  18  14   9   5   2   1   4  -0   0  12   6  -0   2  -2   7  -4   0  -2   7  -0  -0  -0   0   0  -0   0   0   0   0   0   0   0   0   0   0   0   0   0   0   0   0   0   0   0   0   0   0   0   0   0   0   0   0   0  -0  -0   0   0   0  -0   0  -0  -0  -0   0  -0  -0
iprm237024160_        29:   -5   4 -26  20 -17   8  -3 -12  15  15  14  14  10  10  10  10  15  18  14  15  16  18  18  19  19  22  23  15 100  15  20  19  19  15  11   7   3   1   4   0  -1  13   6   0   1  -2   7  -4   0  -1   7   0   1   0  -0  -0   0  -0  -0  -0  -0  -0  -0  -0  -0  -0  -0  -0  -0  -0  -0  -0  -0  -0  -0  -0  -0  -0  -0  -0  -0  -0  -0  -0  -0  -0   0   0  -0  -0  -0   0  -0   0   0   0  -0   0   0
iprm237024352_        30:   -6   5 -23  15 -12   3   2 -16   9   9   9   9   6   6   7   7  11  13  10  12  13  15  15  16  16  19  21  20  15 100  17  20  20  17  13   9   4   1   4   1   2  14   6   0   2  -3   8  -5   0  -2   8  -0  -1  -0   0   0  -0   0   0   0   0   0   0   0   0   0   0   0   0   0   0   0   0   0   0   0   0   0   0   0   0   0   0   0   0   0  -0  -0   0   0   0  -0   0  -0  -0  -0  -0  -0  -0
iprm237024544_        31:   -6   6 -20  11  -7  -3   7 -20   4   4   4   4   4   4   4   4   7   9   7   9  10  12  12  13  13  17  20  20  20  17 100  20  20  19  16  11   5   2   5   0   1  14   7  -1   2  -6  10  -6   0  -1   8  -0  -1  -0   0   0  -0   0   0   0   0   0   0   0   0   0   0   0   0   0   0   0   0   0   0   0   0   0   0   0   0   0   0   0   0   0  -0  -0   0   0   0  -0   0  -0  -0  -0   0  -0  -0
iprm237024736_        32:  -18  11 -22   7   3  -6  13 -20  -2  -2  -0  -0   1   1   1   1   1   4   4   5   6  10  10  11  11  13  18  18  19  20  20 100 100  20  22  18  13  10  14   8   6  26   7   1   5  -8  19 -11   0  -6  22  -0  -5  -1   0   0  -0   1   0   0   0   0   1   1   0   0   0   1   0   1   1   1   1   1   1   1   1   1   1   1   1   1   1   0   1   0  -0  -0   0   1   0  -1   1  -1  -0  -1  -0  -0  -0
iprm237024928_        33:  -18  11 -22   7   3  -6  13 -20  -2  -2  -0  -0   1   1   1   1   1   4   4   5   6  10  10  11  11  13  18  18  19  20  20 100 100  20  22  18  13  10  14   8   6  26   7   1   5  -8  19 -11   0  -6  22  -0  -5  -1   0   0  -0   1   0   0   0   0   1   1   0   0   0   1   0   1   1   1   1   1   1   1   1   1   1   1   1   1   1   0   1   0  -0  -0   0   1   0  -1   1  -1  -0  -1   0  -0  -0
iprm237025120_        34:  -13   6 -14   2   6  -9  15 -19  -6  -6  -4  -4  -2  -2  -2  -2  -2  -1   1   2   3   5   5   6   6   8  13  14  15  17  19  20  20 100  19  15  10   7   8   5  -0  20   6   1   1  -5  12  -7   0  -1  15   0   0   0  -0  -0   0  -0  -0  -0  -0  -0  -0  -0  -0  -0  -0  -0  -0  -0  -0  -0  -0  -0  -0  -0  -0  -0  -0  -0  -0  -0  -0  -0  -0  -0   0   0  -0  -0  -0   0  -0   0   0   0  -0   0   0
iprm237025312_        35:  -19  13 -14  -0  16 -11  19  -8  -9  -9  -7  -7  -4  -4  -4  -4  -6  -5  -3  -2  -2   1   1   2   2   3   8   9  11  13  16  22  22  19 100  22  19  17  18   6   4  29   4  -1   6 -11  23 -16   0  -5  24  -0  -3  -0   0   0  -0   1   0   0   0   0   0   0   0   0   0   0   0   0   0   1   1   0   0   0   0   1   0   0   0   0   0   0   1   0  -0  -0   0   0   0  -1   0  -0  -0  -0  -0  -0  -0
iprm237025504_        36:  -19  16 -14   2  17  -9  15   3  -6  -6  -5  -5  -2  -2  -3  -3  -4  -4  -2  -2  -2  -0  -0   1   1   1   4   5   7   9  11  18  18  15  22 100  21  22  22   3  -3  30   5  -3   7 -13  27 -20   0  -3  25   0   2   0  -0  -0   0  -1  -0  -0  -0  -0  -0  -0  -0  -0  -0  -0  -0  -0  -0  -0  -0  -0  -0  -0  -0  -0  -0  -0  -0  -0  -0  -0  -0  -0   0   0  -0  -0  -0   1  -0   0   0   0   0   0   0
iprm237025696_        37:  -19  19 -16   5  15  -4   6  13   0   0  -0  -0   0   0   0   0  -1  -0  -0  -1  -1   1   1   1   1  -0   1   2   3   4   5  13  13  10  19  21 100  24  25   1   8  29  -1  -1  10 -13  29 -23   0 -11  25  -1  -6  -1   0   0  -1   1   0   0   0   0   1   1   1   1   0   1   1   1   1   1   1   1   1   1   1   1   1   1   1   1   1   1   1   0  -0  -1   0   1   1  -2   1  -1  -0  -1  -0  -0  -0
iprm237025888_        38:  -22  24 -22   9  12   1  -5  19   7   7   5   5   4   4   4   4   4   4   3   2   1   3   3   3   3   1   2   1   1   1   2  10  10   7  17  22  24 100  33  -2  -4  34  -0  -3  12 -16  37 -29   0  -8  30   0   3   0  -0  -0   0  -1  -0  -0  -0  -0  -0  -0  -0  -0  -0  -0  -0  -0  -0  -1  -1  -0  -0  -0  -0  -1  -0  -0  -0  -0  -0  -0  -1  -0   0   0  -0  -0  -0   1  -0   0   0   0   0   0   0
iprm237026080_        39:  -34  32 -31   6  13   3 -13   6   8   8   6   6   5   5   5   5   5   5   4   4   3   5   5   6   6   4   5   4   4   4   5  14  14   8  18  22  25  33 100  -2   4  47  -5  -1  17 -19  50 -40   0 -17  41  -0  -3  -0   0   0  -0   1   0   0   0   0   0   0   0   0   0   0   0   0   0   1   1   0   0   0   0   1   0   0   0   0   0   0   1   0  -0  -0   0   0   0  -1   0  -0  -0  -0  -0  -0  -0
iprm237026272_        40:  -92 -16 -24 -14  38  31  40  -5 -11 -11  -6  -6  -5  -5  -6  -6 -13  -7  -6  -6  -5  -2  -2  -4  -4  -7  -1  -0   0   1   0   8   8   5   6   3   1  -2  -2 100  -1  80 -21  20  -8  24 -25  29  -0  -1  75   0   1   0  -0  -0   0  -0  -0  -0  -0  -0  -0  -0  -0  -0  -0  -0  -0  -0  -0  -0  -0  -0  -0  -0  -0  -0  -0  -0  -0  -0  -0  -0  -0  -0   0   0  -0  -0  -0   0  -0   0   0   0   0   0   0
a                     41:   -0   9   0  -0   0   0   1  -0  -1  -1  -1  -1   0   0  -1  -1   0   0  -0   0  -2   2   2  -0  -0  -1  -1   0  -1   2   1   6   6  -0   4  -3   8  -4   4  -1 100   1 -21  -2   8 -12  10 -10   0 -45   1  -6 -75  -9   1   4  -7  18   6   6   6   6   9   9   7   7   5   8   7  10  10  14  14  10  10  11  11  16  12   9  12  11  11   8  13   5  -2  -7   6   8   7 -21  10 -10  -3  -9   0  -4  -3
scale_nuclear         42:  -97   9 -50   4  33  30  27   2   3   3   6   6   3   3   4   4  -0   6   4   4   5  10  10   9   9   7  13  12  13  14  14  26  26  20  29  30  29  34  47  80   1 100 -16  15   5   5  14  -3   0 -11  90  -0  -1  -0   0   0  -0   0   0   0   0   0   0   0   0   0   0   0   0   0   0   0   0   0   0   0   0   0   0   0   0   0   0   0   0   0  -0  -0   0   0   0  -0   0  -0  -0  -0  -0  -0  -0
m5c9956e2_0           43:   20 -13   3   6  -9  -8  -6  -4   3   3  -1  -1   2   2   3   3   6   1   3   3   2   3   3   5   5   6   6   6   6   6   7   7   7   6   4   5  -1  -0  -5 -21 -21 -16 100 -27 -14 -18 -15  32  -0  40 -24   1  16   2  -0  -1   2  -4  -1  -1  -1  -1  -2  -2  -1  -1  -1  -2  -1  -2  -2  -3  -3  -2  -2  -2  -2  -3  -2  -2  -2  -2  -2  -2  -3  -1   0   2  -1  -2  -2   4  -2   2   1   2   0   1   1
tspow2                44:  -18   2  -4  -5   9   3   4 -11  -5  -5  14  14  -6  -6  -6  -6 -21   8  -5  -2   4   6   6  -8  -8 -12   4  -0   0   0  -1   1   1   1  -1  -3  -1  -3  -1  20  -2  15 -27 100   1  57  10  -9   0 -41   6   0   2   0  -0  -0   0  -0  -0  -0  -0  -0  -0  -0  -0  -0  -0  -0  -0  -0  -0  -0  -0  -0  -0  -0  -0  -0  -0  -0  -0  -0  -0  -0  -0  -0   0   0  -0  -0  -0   0  -0   0   0   0  -0   0   0
alph02                45:   -1  92  -7   6  -1   1  -5   8   6   6  10  10   2   2   2   2  -1   7   2   3   2   4   4   2   2   1   2   2   1   2   2   5   5   1   6   7  10  12  17  -8   8   5 -14   1 100 -50  29 -26   0 -72   3  -0  -6  -1   0   0  -1   1   0   0   0   0   1   1   1   1   0   1   1   1   1   1   1   1   1   1   1   1   1   1   1   1   1   1   1   0  -0  -1   0   1   1  -2   1  -1  -0  -1   0  -0  -0
alph12                46:  -12 -58   3  -6   4   7   4 -10  -4  -4   1   1  -3  -3  -3  -3  -7  -1  -3  -2  -1  -1  -1  -3  -3  -4  -2  -2  -2  -3  -6  -8  -8  -5 -11 -13 -13 -16 -19  24 -12   5 -18  57 -50 100 -29  30  -0  -4   4   1   9   1  -0  -0   1  -2  -1  -1  -1  -1  -1  -1  -1  -1  -1  -1  -1  -1  -1  -2  -2  -1  -1  -1  -1  -2  -1  -1  -1  -1  -1  -1  -2  -1   0   1  -1  -1  -1   3  -1   1   0   1   0   1   0
beta02                47:    0  59 -18  11   1  -9 -12   5   7   7   7   7   4   4   4   4   4   7   4   5   4   7   7   6   6   5   8   7   7   8  10  19  19  12  23  27  29  37  50 -25  10  14 -15  10  29 -29 100 -94   0 -37   8  -1  -7  -1   0   0  -1   2   1   1   1   1   1   1   1   1   1   1   1   1   1   1   1   1   1   1   1   1   1   1   1   1   1   1   1   1  -0  -1   1   1   1  -2   1  -1  -0  -1  -0  -0  -0
beta12                48:   -8 -54  10  -9   1   8  11  -7  -6  -6  -6  -6  -3  -3  -3  -3  -3  -6  -3  -3  -3  -4  -4  -3  -3  -3  -4  -4  -4  -5  -6 -11 -11  -7 -16 -20 -23 -29 -40  29 -10  -3  32  -9 -26  30 -94 100  -0  35   7   1   8   1  -0  -0   1  -2  -1  -1  -1  -1  -1  -1  -1  -1  -1  -1  -1  -1  -1  -1  -1  -1  -1  -1  -1  -2  -1  -1  -1  -1  -1  -1  -1  -1   0   1  -1  -1  -1   2  -1   1   0   1   0   0   0
k_eff                 49:   -0   0  -0  -0  -0  -0  -0  -0   0  -0   0   0   0  -0  -0  -0  -0   0  -0  -0  -0   0   0   0  -0  -0   0   0   0   0   0   0   0   0   0   0   0   0   0  -0   0   0  -0   0   0  -0   0  -0 100  -0   0   0   0   0  -0  -0   0  -0  -0  -0  -0  -0  -0  -0  -0  -0  -0  -0  -0  -0  -0  -0  -0  -0  -0  -0  -0  -0  -0  -0  -0  -0  -0  -0  -0  -0  -0   0   0  -0   0   0  -0  -0  -0   0   0   0  -0
hk                    50:    8 -70   9  -4  -1  -4   4  -3  -4  -4 -11 -11  -1  -1  -0  -0   5  -8  -0  -2  -2  -5  -5  -1  -1   1  -2  -2  -1  -2  -1  -6  -6  -1  -5  -3 -11  -8 -17  -1 -45 -11  40 -41 -72  -4 -37  35  -0 100  -6   3  34   4  -1  -2   3  -8  -2  -2  -3  -3  -4  -4  -3  -3  -2  -4  -3  -5  -4  -6  -6  -5  -5  -5  -5  -7  -5  -4  -5  -5  -5  -3  -6  -2   1   3  -3  -4  -3   9  -4   5   1   4  -0   2   1
pv_lor103556944_      51:  -89   5 -41  -2  33  23  24   1  -1  -1  -0  -0   1   1   1   1  -3  -0   1   0   0   4   4   5   5   2   7   7   7   8   8  22  22  15  24  25  25  30  41  75   1  90 -24   6   3   4   8   7   0  -6 100  -0  -1  -0   0   0  -0   0   0   0   0   0   0   0   0   0   0   0   0   0   0   0   0   0   0   0   0   0   0   0   0   0   0   0   0   0  -0  -0   0   0   0  -0   0  -0  -0  -0  -0  -0  -0
mu_103303392          52:    0  -1  -0   0  -0  -0  -0   0   0   0   0   0  -0  -0   0   0  -0  -0   0  -0   0  -0  -0   0   0   0   0  -0   0  -0  -0  -0  -0   0  -0   0  -1   0  -0   0  -6  -0   1   0  -0   1  -1   1   0   3  -0 100  12  88  41 -42  -6 -46 -20 -20 -23 -23 -27 -27 -28 -28 -26 -25 -26 -28 -28 -34 -34 -37 -37 -39 -37 -40 -43 -44 -46 -51 -51 -51 -63 -73 -84 -92 -63 -94 -18  10  -7 -13  79  28   0  77 -67
difa3_90              53:    0  -7  -0   0  -0  -0  -1   0   1   1   1   1  -0  -0   0   0  -0  -0   0  -0   1  -1  -1   0   0   1   1  -0   1  -1  -1  -5  -5   0  -3   2  -6   3  -3   1 -75  -1  16   2  -6   9  -7   8   0  34  -1  12 100  18  -8  -1   1 -17 -17 -17 -16 -16 -14 -14 -14 -14 -15 -20 -15 -18 -16 -19 -19 -17 -17 -22 -19 -23 -19 -17 -18 -17 -17 -15 -19 -13  -7  -1  -3 -16  38  74 -60 -57   6  11  -0   8 -14
bkg236312128          54:    0  -1  -0   0  -0  -0  -0   0   0   0   0   0  -0  -0   0   0  -0  -0   0  -0   0  -0  -0   0   0   0   0  -0   0  -0  -0  -1  -1   0  -0   0  -1   0  -0   0  -9  -0   2   0  -1   1  -1   1   0   4  -0  88  18 100   7 -35  19 -54 -59 -59 -61 -61 -62 -62 -63 -63 -57 -58 -58 -59 -60 -68 -68 -70 -70 -66 -66 -69 -71 -72 -73 -79 -79 -75 -85 -89 -88 -74 -25 -97 -12  19 -16 -19  48  63  -0  65 -61
bkg236312384          55:   -0   0   0  -0   0   0   0  -0  -0  -0  -0  -0   0   0  -0  -0   0   0  -0   0  -0   0   0  -0  -0  -0  -0   0  -0   0   0   0   0  -0   0  -0   0  -0   0  -0   1   0  -0  -0   0  -0   0  -0  -0  -1   0  41  -8   7 100  24 -11  28  68  68  67  67  63  63  62  62  54  57  56  55  56  60  60  57  57  47  52  51  49  47  46  45  45  37  29  16  -8 -48 -86 -12 -19 -16  16  11  78 -63  -0  38 -12
bkg236312640          56:   -0   0   0  -0   0   0   0  -0  -0  -0  -0  -0   0   0  -0  -0   0   0  -0   0  -0   0   0  -0  -0  -0  -0   0  -0   0   0   0   0  -0   0  -0   0  -0   0  -0   4   0  -1  -0   0  -0   0  -0  -0  -2   0 -42  -1 -35  24 100   2  79  21  21  28  28  37  37  37  37  17  19  29  30  33  46  46  47  47  38  45  49  51  53  54  56  56  55  56  55  49  35  -3  52  11   3  -3  -3  -7 -51  -0 -27  39
bkg236312896          57:    0  -1  -0   0  -0  -0  -0   0   0   0   0   0  -0  -0   0   0  -0  -0   0  -0   0  -0  -0   0   0   0   0  -0   0  -0  -0  -0  -0   0  -0   0  -1   0  -0   0  -7  -0   2   0  -1   1  -1   1   0   3  -0  -6   1  19 -11   2 100 -12 -25 -25 -29 -29 -34 -34 -33 -33 -15 -16 -23 -24 -26 -37 -37 -37 -37 -23 -31 -35 -36 -38 -40 -41 -41 -39 -37 -30 -14  17  40 -10  -5  -1   1   6 -27  46  -0  -2  11
bkg236313152          58:   -0   2   0  -0   0   0   0  -0  -0  -0  -0  -0   0   0  -0  -0   0   0  -0   0  -0   0   0  -0  -0  -0  -0   0  -0   0   0   1   1  -0   1  -1   1  -1   1  -0  18   0  -4  -0   1  -2   2  -2  -0  -8   0 -46 -17 -54  28  79 -12 100  39  39  47  47  54  54  54  54  37  41  48  50  54  65  65  67  67  61  67  70  71  71  72  72  72  69  67  61  49  30  -7  61  10 -11   9   5  -5 -65   0 -31  37
iprm237027040_        59:   -0   1   0  -0   0   0   0  -0  -0  -0  -0  -0   0   0  -0  -0   0   0  -0   0  -0   0   0  -0  -0  -0  -0   0  -0   0   0   0   0  -0   0  -0   0  -0   0  -0   6   0  -1  -0   0  -1   1  -1  -0  -2   0 -20 -17 -59  68  21 -25  39 100 100  92  92  88  88  89  89  81  82  80  79  80  87  87  86  86  75  78  79  78  77  77  81  81  71  73  66  48   8 -53  49  -8 -24  23  21  31 -87  -0 -11  23
iprm237027232_        60:   -0   1   0  -0   0   0   0  -0  -0  -0  -0  -0   0   0  -0  -0   0   0  -0   0  -0   0   0  -0  -0  -0  -0   0  -0   0   0   0   0  -0   0  -0   0  -0   0  -0   6   0  -1  -0   0  -1   1  -1  -0  -2   0 -20 -17 -59  68  21 -25  39 100 100  92  92  88  88  89  89  81  82  80  79  80  87  87  86  86  75  78  79  78  77  77  81  81  71  73  66  48   8 -53  49  -8 -24  23  21  31 -87   0 -11  23
iprm237027424_        61:   -0   1   0  -0   0   0   0  -0  -0  -0  -0  -0   0   0  -0  -0   0   0  -0   0  -0   0   0  -0  -0  -0  -0   0  -0   0   0   0   0  -0   0  -0   0  -0   0  -0   6   0  -1  -0   0  -1   1  -1  -0  -3   0 -23 -16 -61  67  28 -29  47  92  92 100 100  85  85  90  90  78  81  80  79  81  89  89  88  88  76  80  81  81  81  81  84  84  75  76  69  51  10 -52  52  -7 -24  24  19  29 -90   0 -13  25
iprm237027616_        62:   -0   1   0  -0   0   0   0  -0  -0  -0  -0  -0   0   0  -0  -0   0   0  -0   0  -0   0   0  -0  -0  -0  -0   0  -0   0   0   0   0  -0   0  -0   0  -0   0  -0   6   0  -1  -0   0  -1   1  -1  -0  -3   0 -23 -16 -61  67  28 -29  47  92  92 100 100  85  85  90  90  78  81  80  79  81  89  89  88  88  76  80  81  81  81  81  84  84  75  76  69  51  10 -52  52  -7 -24  24  19  29 -90  -0 -13  25
iprm237027808_        63:   -0   1   0  -0   0   0   0  -0  -0  -0  -0  -0   0   0  -0  -0   0   0  -0   0  -0   0   0  -0  -0  -0  -0   0  -0   0   0   1   1  -0   0  -0   1  -0   0  -0   9   0  -2  -0   1  -1   1  -1  -0  -4   0 -27 -14 -62  63  37 -34  54  88  88  85  85 100 100  84  84  77  76  78  77  79  89  89  89  89  75  80  82  82  82  83  87  87  77  79  72  53  12 -49  55   0 -15  13  12  27 -92  -0 -17  26
iprm237028000_        64:   -0   1   0  -0   0   0   0  -0  -0  -0  -0  -0   0   0  -0  -0   0   0  -0   0  -0   0   0  -0  -0  -0  -0   0  -0   0   0   1   1  -0   0  -0   1  -0   0  -0   9   0  -2  -0   1  -1   1  -1  -0  -4   0 -27 -14 -62  63  37 -34  54  88  88  85  85 100 100  84  84  77  76  78  77  79  89  89  89  89  75  80  82  82  82  83  87  87  77  79  72  53  12 -49  55   0 -15  13  12  27 -92  -0 -17  26
iprm237028192_        65:   -0   1   0  -0   0   0   0  -0  -0  -0  -0  -0   0   0  -0  -0   0   0  -0   0  -0   0   0  -0  -0  -0  -0   0  -0   0   0   0   0  -0   0  -0   1  -0   0  -0   7   0  -1  -0   1  -1   1  -1  -0  -3   0 -28 -14 -63  62  37 -33  54  89  89  90  90  84  84 100 100  69  77  78  78  80  90  90  90  90  76  81  83  83  83  84  87  87  78  80  73  54  14 -48  56  -1 -17  16  15  25 -92   0 -19  28
iprm237028384_        66:   -0   1   0  -0   0   0   0  -0  -0  -0  -0  -0   0   0  -0  -0   0   0  -0   0  -0   0   0  -0  -0  -0  -0   0  -0   0   0   0   0  -0   0  -0   1  -0   0  -0   7   0  -1  -0   1  -1   1  -1  -0  -3   0 -28 -14 -63  62  37 -33  54  89  89  90  90  84  84 100 100  69  77  78  78  80  90  90  90  90  76  81  83  83  83  84  87  87  78  80  73  54  14 -48  56  -1 -17  16  15  25 -92  -0 -19  28
iprm237028576_        67:   -0   1   0  -0   0   0   0  -0  -0  -0  -0  -0   0   0  -0  -0   0   0  -0   0  -0   0   0  -0  -0  -0  -0   0  -0   0   0   0   0  -0   0  -0   0  -0   0  -0   5   0  -1  -0   0  -1   1  -1  -0  -2   0 -26 -15 -57  54  17 -15  37  81  81  78  78  77  77  69  69 100  70  70  69  70  74  74  74  74  68  68  69  68  67  67  70  70  62  64  59  45  14 -36  48  -1 -17  14  18  16 -73   0 -20  25
iprm237028768_        68:   -0   1   0  -0   0   0   0  -0  -0  -0  -0  -0   0   0  -0  -0   0   0  -0   0  -0   0   0  -0  -0  -0  -0   0  -0   0   0   1   1  -0   0  -0   1  -0   0  -0   8   0  -2  -0   1  -1   1  -1  -0  -4   0 -25 -20 -58  57  19 -16  41  82  82  81  81  76  76  77  77  70 100  63  72  72  77  77  77  77  70  72  72  71  70  70  72  72  65  66  60  45  13 -38  49  -7 -27  27  22  18 -74   0 -16  26
iprm237028960_        69:   -0   1   0  -0   0   0   0  -0  -0  -0  -0  -0   0   0  -0  -0   0   0  -0   0  -0   0   0  -0  -0  -0  -0   0  -0   0   0   0   0  -0   0  -0   1  -0   0  -0   7   0  -1  -0   1  -1   1  -1  -0  -3   0 -26 -15 -58  56  29 -23  48  80  80  80  80  78  78  78  78  70  63 100  62  72  79  79  79  79  70  73  74  74  73  74  76  76  68  69  63  48  13 -40  51  -3 -20  18  17  20 -79   0 -16  26
iprm237029152_        70:   -0   1   0  -0   0   0   0  -0  -0  -0  -0  -0   0   0  -0  -0   0   0  -0   0  -0   0   0  -0  -0  -0  -0   0  -0   0   0   1   1  -0   0  -0   1  -0   0  -0  10   0  -2  -0   1  -1   1  -1  -0  -5   0 -28 -18 -59  55  30 -24  50  79  79  79  79  77  77  78  78  69  72  62 100  65  79  79  79  79  70  73  75  74  74  74  77  77  69  70  64  48  14 -38  52  -3 -21  19  17  18 -78  -0 -17  26
iprm237029344_        71:   -0   1   0  -0   0   0   0  -0  -0  -0  -0  -0   0   0  -0  -0   0   0  -0   0  -0   0   0  -0  -0  -0  -0   0  -0   0   0   1   1  -0   0  -0   1  -0   0  -0  10   0  -2  -0   1  -1   1  -1  -0  -4   0 -28 -16 -60  56  33 -26  54  80  80  81  81  79  79  80  80  70  72  72  65 100  78  78  81  81  71  76  77  77  76  77  79  79  71  72  66  49  14 -40  53  -0 -18  17  14  19 -81   0 -17  25
iprm237029536_        72:   -0   1   0  -0   0   0   0  -0  -0  -0  -0  -0   0   0  -0  -0   0   0  -0   0  -0   0   0  -0  -0  -0  -0   0  -0   0   0   1   1  -0   1  -0   1  -1   1  -0  14   0  -3  -0   1  -2   1  -1  -0  -6   0 -34 -19 -68  60  46 -37  65  87  87  89  89  89  89  90  90  74  77  79  79  78 100 100  91  91  79  85  88  88  88  89  92  92  83  85  78  58  18 -44  62   1 -19  18  14  21 -95  -0 -22  31
iprm237029728_        73:   -0   1   0  -0   0   0   0  -0  -0  -0  -0  -0   0   0  -0  -0   0   0  -0   0  -0   0   0  -0  -0  -0  -0   0  -0   0   0   1   1  -0   1  -0   1  -1   1  -0  14   0  -3  -0   1  -2   1  -1  -0  -6   0 -34 -19 -68  60  46 -37  65  87  87  89  89  89  89  90  90  74  77  79  79  78 100 100  91  91  79  85  88  88  88  89  92  92  83  85  78  58  18 -44  62   1 -19  18  14  21 -95   0 -22  31
iprm237029920_        74:   -0   1   0  -0   0   0   0  -0  -0  -0  -0  -0   0   0  -0  -0   0   0  -0   0  -0   0   0  -0  -0  -0  -0   0  -0   0   0   1   1  -0   0  -0   1  -0   0  -0  10   0  -2  -0   1  -1   1  -1  -0  -5   0 -37 -17 -70  57  47 -37  67  86  86  88  88  89  89  90  90  74  77  79  79  81  91  91 100 100  77  85  88  88  89  89  93  93  84  86  79  61  21 -42  65   1 -19  18  16  18 -94   0 -25  34
iprm237030112_        75:   -0   1   0  -0   0   0   0  -0  -0  -0  -0  -0   0   0  -0  -0   0   0  -0   0  -0   0   0  -0  -0  -0  -0   0  -0   0   0   1   1  -0   0  -0   1  -0   0  -0  10   0  -2  -0   1  -1   1  -1  -0  -5   0 -37 -17 -70  57  47 -37  67  86  86  88  88  89  89  90  90  74  77  79  79  81  91  91 100 100  77  85  88  88  89  89  93  93  84  86  79  61  21 -42  65   1 -19  18  16  18 -94  -0 -25  34
iprm237030304_        76:   -0   1   0  -0   0   0   0  -0  -0  -0  -0  -0   0   0  -0  -0   0   0  -0   0  -0   0   0  -0  -0  -0  -0   0  -0   0   0   1   1  -0   0  -0   1  -0   0  -0  11   0  -2  -0   1  -1   1  -1  -0  -5   0 -39 -22 -66  47  38 -23  61  75  75  76  76  75  75  76  76  68  70  70  70  71  79  79  77  77 100  75  78  78  78  78  80  80  74  75  69  55  24 -28  61  -2 -26  23  23   6 -77   0 -30  36
iprm237030496_        77:   -0   1   0  -0   0   0   0  -0  -0  -0  -0  -0   0   0  -0  -0   0   0  -0   0  -0   0   0  -0  -0  -0  -0   0  -0   0   0   1   1  -0   0  -0   1  -0   0  -0  11   0  -2  -0   1  -1   1  -1  -0  -5   0 -37 -19 -66  52  45 -31  67  78  78  80  80  80  80  81  81  68  72  73  73  76  85  85  85  85  75 100  80  83  83  83  86  86  79  80  73  56  21 -34  62  -1 -23  22  18  14 -84  -0 -23  34
iprm237030688_        78:   -0   1   0  -0   0   0   0  -0  -0  -0  -0  -0   0   0  -0  -0   0   0  -0   0  -0   0   0  -0  -0  -0  -0   0  -0   0   0   1   1  -0   1  -0   1  -1   1  -0  16   0  -3  -0   1  -2   1  -2  -0  -7   0 -40 -23 -69  51  49 -35  70  79  79  81  81  82  82  83  83  69  72  74  75  77  88  88  88  88  78  80 100  84  85  86  89  89  82  84  77  59  24 -34  65   1 -23  21  17  12 -88  -0 -26  35
iprm237030880_        79:   -0   1   0  -0   0   0   0  -0  -0  -0  -0  -0   0   0  -0  -0   0   0  -0   0  -0   0   0  -0  -0  -0  -0   0  -0   0   0   1   1  -0   0  -0   1  -0   0  -0  12   0  -2  -0   1  -1   1  -1  -0  -5   0 -43 -19 -71  49  51 -36  71  78  78  81  81  82  82  83  83  68  71  74  74  77  88  88  88  88  78  83  84 100  85  87  90  90  83  85  79  62  26 -33  67   1 -21  20  17  10 -88   0 -29  36
iprm237031072_        80:   -0   1   0  -0   0   0   0  -0  -0  -0  -0  -0   0   0  -0  -0   0   0  -0   0  -0   0   0  -0  -0  -0  -0   0  -0   0   0   1   1  -0   0  -0   1  -0   0  -0   9   0  -2  -0   1  -1   1  -1  -0  -4   0 -44 -17 -72  47  53 -38  71  77  77  81  81  82  82  83  83  67  70  73  74  76  88  88  89  89  78  83  85  85 100  87  91  91  84  86  80  64  28 -32  69   3 -19  18  16   8 -89  -0 -30  37
iprm237031264_        81:   -0   1   0  -0   0   0   0  -0  -0  -0  -0  -0   0   0  -0  -0   0   0  -0   0  -0   0   0  -0  -0  -0  -0   0  -0   0   0   1   1  -0   0  -0   1  -0   0  -0  12   0  -2  -0   1  -1   1  -1  -0  -5   0 -46 -18 -73  46  54 -40  72  77  77  81  81  83  83  84  84  67  70  74  74  77  89  89  89  89  78  83  86  87  87 100  92  92  85  88  82  65  29 -31  70   4 -19  17  15   8 -90  -0 -31  37
iprm237031456_        82:   -0   1   0  -0   0   0   0  -0  -0  -0  -0  -0   0   0  -0  -0   0   0  -0   0  -0   0   0  -0  -0  -0  -0   0  -0   0   0   1   1  -0   0  -0   1  -0   0  -0  11   0  -2  -0   1  -1   1  -1  -0  -5   0 -51 -17 -79  45  56 -41  72  81  81  84  84  87  87  87  87  70  72  76  77  79  92  92  93  93  80  86  89  90  91  92 100 100  88  92  87  71  34 -30  76   5 -18  16  15   5 -94  -0 -35  41
iprm237031648_        83:   -0   1   0  -0   0   0   0  -0  -0  -0  -0  -0   0   0  -0  -0   0   0  -0   0  -0   0   0  -0  -0  -0  -0   0  -0   0   0   1   1  -0   0  -0   1  -0   0  -0  11   0  -2  -0   1  -1   1  -1  -0  -5   0 -51 -17 -79  45  56 -41  72  81  81  84  84  87  87  87  87  70  72  76  77  79  92  92  93  93  80  86  89  90  91  92 100 100  88  92  87  71  34 -30  76   5 -18  16  15   5 -94   0 -35  41
iprm237031840_        84:   -0   1   0  -0   0   0   0  -0  -0  -0  -0  -0   0   0  -0  -0   0   0  -0   0  -0   0   0  -0  -0  -0  -0   0  -0   0   0   0   0  -0   0  -0   1  -0   0  -0   8   0  -2  -0   1  -1   1  -1  -0  -3   0 -51 -15 -75  37  55 -39  69  71  71  75  75  77  77  78  78  62  65  68  69  71  83  83  84  84  74  79  82  83  84  85  88  88 100  86  82  68  35 -23  73   4 -19  17  16  -1 -84  -0 -38  44
iprm237032032_        85:   -0   1   0  -0   0   0   0  -0  -0  -0  -0  -0   0   0  -0  -0   0   0  -0   0  -0   0   0  -0  -0  -0  -0   0  -0   0   0   1   1  -0   1  -0   1  -1   1  -0  13   0  -3  -0   1  -2   1  -1  -0  -6   0 -63 -19 -85  29  56 -37  67  73  73  76  76  79  79  80  80  64  66  69  70  72  85  85  86  86  75  80  84  85  86  88  92  92  86 100  90  78  47 -14  84   7 -18  16  15 -11 -86  -0 -43  48
iprm237032224_        86:   -0   1   0  -0   0   0   0  -0  -0  -0  -0  -0   0   0  -0  -0   0   0  -0   0  -0   0   0  -0  -0  -0  -0   0  -0   0   0   0   0  -0   0  -0   0  -0   0  -0   5   0  -1  -0   0  -1   1  -1  -0  -2   0 -73 -13 -89  16  55 -30  61  66  66  69  69  72  72  73  73  59  60  63  64  66  78  78  79  79  69  73  77  79  80  82  87  87  82  90 100  84  59  -1  89  10 -15  14  16 -26 -78  -0 -53  55
iprm237032416_        87:    0  -0  -0   0  -0  -0  -0   0   0   0   0   0  -0  -0   0   0  -0  -0   0  -0   0  -0  -0   0   0   0   0  -0   0  -0  -0  -0  -0   0  -0   0  -0   0  -0   0  -2  -0   0   0  -0   0  -0   0  -0   1  -0 -84  -7 -88  -8  49 -14  49  48  48  51  51  53  53  54  54  45  45  48  48  49  58  58  61  61  55  56  59  62  64  65  71  71  68  78  84 100  73  23  91  12 -11  10  16 -48 -56   0 -62  61
iprm237032608_        88:    0  -1  -0   0  -0  -0  -0   0   0   0   0   0  -0  -0   0   0  -0  -0   0  -0   0  -0  -0   0   0   0   0  -0   0  -0  -0  -0  -0   0  -0   0  -1   0  -0   0  -7  -0   2   0  -1   1  -1   1   0   3  -0 -92  -1 -74 -48  35  17  30   8   8  10  10  12  12  14  14  14  13  13  14  14  18  18  21  21  24  21  24  26  28  29  34  34  35  47  59  73 100  63  82  15  -4   3  12 -80 -12  -0 -70  62
iprm237032800_        89:   -0   1   0  -0   0   0   0  -0  -0  -0  -0  -0   0   0  -0  -0   0   0  -0   0  -0   0   0  -0  -0  -0  -0   0  -0   0   0   0   0  -0   0  -0   0  -0   0  -0   6   0  -1  -0   0  -1   1  -1   0  -3   0 -63  -3 -25 -86  -3  40  -7 -53 -53 -52 -52 -49 -49 -48 -48 -36 -38 -40 -38 -40 -44 -44 -42 -42 -28 -34 -34 -33 -32 -31 -30 -30 -23 -14  -1  23  63 100  34  18   5  -8  -2 -90  53   0 -53  35
scale_nuclear3        90:   -0   1   0  -0   0   0   0  -0  -0  -0  -0  -0   0   0  -0  -0   0   0  -0   0  -0   0   0  -0  -0  -0  -0   0  -0   0   0   1   1  -0   0  -0   1  -0   0  -0   8   0  -2  -0   1  -1   1  -1  -0  -4   0 -94 -16 -97 -12  52 -10  61  49  49  52  52  55  55  56  56  48  49  51  52  53  62  62  65  65  61  62  65  67  69  70  76  76  73  84  89  91  82  34 100  15 -15  13  16 -57 -58   0 -70  66
m5c9956e2_1           91:   -0   1   0  -0   0   0   0  -0  -0  -0  -0  -0   0   0  -0  -0   0   0  -0   0  -0   0   0  -0  -0  -0  -0   0  -0   0   0   0   0  -0   0  -0   1  -0   0  -0   7   0  -2  -0   1  -1   1  -1   0  -3   0 -18  38 -12 -19  11  -5  10  -8  -8  -7  -7   0   0  -1  -1  -1  -7  -3  -3  -0   1   1   1   1  -2  -1   1   1   3   4   5   5   4   7  10  12  15  18  15 100  66 -66 -66 -22  -5   0 -25 -24
tspow3                92:    0  -2  -0   0  -0  -0  -0   0   0   0   0   0  -0  -0   0   0  -0  -0   0  -0   0  -0  -0   0   0   0   0  -0   0  -0  -0  -1  -1   0  -1   1  -2   1  -1   0 -21  -0   4   0  -2   3  -2   2   0   9  -0  10  74  19 -16   3  -1 -11 -24 -24 -24 -24 -15 -15 -17 -17 -17 -27 -20 -21 -18 -19 -19 -19 -19 -26 -23 -23 -21 -19 -19 -18 -18 -19 -18 -15 -11  -4   5 -15  66 100 -97 -88   2  11   0   7 -24
alph03                93:   -0   1   0  -0   0   0   0  -0  -0  -0  -0  -0   0   0  -0  -0   0   0  -0   0  -0   0   0  -0  -0  -0  -0   0  -0   0   0   1   1  -0   0  -0   1  -0   0  -0  10   0  -2  -0   1  -1   1  -1  -0  -4   0  -7 -60 -16  16  -3   1   9  23  23  24  24  13  13  16  16  14  27  18  19  17  18  18  18  18  23  22  21  20  18  17  16  16  17  16  14  10   3  -8  13 -66 -97 100  81  -0 -10  -0  -5  22
alph13                94:    0  -1  -0   0  -0  -0  -0   0   0   0   0   0  -0  -0   0   0  -0  -0   0  -0   0  -0  -0   0   0   0   0  -0   0  -0  -0  -1  -1   0  -0   0  -1   0  -0   0 -10  -0   2   0  -1   1  -1   1  -0   5  -0 -13 -57 -19  11  -3   6   5  21  21  19  19  12  12  15  15  18  22  17  17  14  14  14  16  16  23  18  17  17  16  15  15  15  16  15  16  16  12  -2  16 -66 -88  81 100  -7  -8  -0 -12  28
beta03                95:    0  -0  -0   0  -0  -0  -0   0   0   0   0   0  -0  -0   0   0  -0  -0   0  -0   0  -0  -0   0   0   0   0  -0   0  -0  -0  -0  -0   0  -0   0  -0   0  -0   0  -3  -0   1   0  -0   0  -0   0  -0   1  -0  79   6  48  78  -7 -27  -5  31  31  29  29  27  27  25  25  16  18  20  18  19  21  21  18  18   6  14  12  10   8   8   5   5  -1 -11 -26 -48 -80 -90 -57 -22   2  -0  -7 100 -29   0  77 -40
beta13                96:    0  -1  -0   0  -0  -0  -0   0   0   0   0   0  -0  -0   0   0  -0  -0   0  -0   0  -0  -0   0   0   0   0  -0   0  -0  -0  -1  -1   0  -0   0  -1   0  -0   0  -9  -0   2   0  -1   1  -1   1   0   4  -0  28  11  63 -63 -51  46 -65 -87 -87 -90 -90 -92 -92 -92 -92 -73 -74 -79 -78 -81 -95 -95 -94 -94 -77 -84 -88 -88 -89 -90 -94 -94 -84 -86 -78 -56 -12  53 -58  -5  11 -10  -8 -29 100   0  20 -27
k_eff3                97:   -0   0  -0  -0   0  -0   0   0   0   0   0  -0   0   0  -0   0  -0  -0   0  -0  -0  -0   0  -0   0   0   0   0  -0  -0   0  -0   0  -0  -0   0  -0   0  -0   0   0  -0   0  -0   0   0  -0   0   0  -0  -0   0  -0  -0  -0  -0  -0   0  -0   0   0  -0  -0  -0   0  -0   0   0   0  -0   0  -0   0   0  -0   0  -0  -0   0  -0  -0  -0   0  -0  -0  -0   0  -0   0   0   0   0  -0  -0   0   0 100   0  -0
hk3                   98:    0  -0  -0   0  -0  -0  -0   0   0   0   0   0  -0  -0   0   0  -0  -0   0  -0   0  -0  -0   0   0   0   0  -0   0  -0  -0  -0  -0   0  -0   0  -0   0  -0   0  -4  -0   1   0  -0   1  -0   0   0   2  -0  77   8  65  38 -27  -2 -31 -11 -11 -13 -13 -17 -17 -19 -19 -20 -16 -16 -17 -17 -22 -22 -25 -25 -30 -23 -26 -29 -30 -31 -35 -35 -38 -43 -53 -62 -70 -53 -70 -25   7  -5 -12  77  20   0 100 -58
pv_lor237985376_      99:    0  -0  -0   0  -0  -0  -0   0   0   0   0   0  -0  -0   0   0  -0  -0   0  -0   0  -0  -0   0   0   0   0  -0   0  -0  -0  -0  -0   0  -0   0  -0   0  -0   0  -3  -0   1   0  -0   0  -0   0  -0   1  -0 -67 -14 -61 -12  39  11  37  23  23  25  25  26  26  28  28  25  26  26  26  25  31  31  34  34  36  34  35  36  37  37  41  41  44  48  55  61  62  35  66 -24 -24  22  28 -40 -27  -0 -58 100
}