do_errors
r_exp  1.84928021 r_exp_dash  3.0592713 r_wp  60.4483888 r_wp_dash  100 r_p  52.7430452 r_p_dash  100 weighted_Durbin_Watson  0.0177075853 gof  32.6875227
iters 0
xdd ".\test_data.xye"
	Out_X_Ycalc("x_ybkg_1.dat")
	r_exp  1.84928021 r_exp_dash  3.0592713 r_wp  60.4483888 r_wp_dash  100 r_p  52.7430452 r_p_dash  100 weighted_Durbin_Watson  0.0177075853 gof  32.6875227
	x_calculation_step 0.01
	neutron_data
	bkg @  254.941989`_10.2636012 -11.5885597`_19.3781771  29.9916443`_16.8098174  14.0116644`_16.5853476 -9.57379122`_13.217235  1.11617116`_13.0429699
	Zero_Error(,-0.27391_0.00237)
	start_X 33.5
	finish_X  140
	LP_Factor( 90)
	Rp 1000
	Rs 500
	'scale_pks = 1 / (Sin(Th)^2 Cos(Th));
	lam
		ymin_on_ymax  0.001
		la  1 lo 1.5382107 lh  1
	
	hkl_Is
		MVW( 0.000, 80.696`_1086.198, 0.000`_0.000)
		LVol_FWHM_CS_G_L( 1, 7.97769, 0.89, 9.49475,, 16.65209_0.47884,, 18.73996_0.79985)
		r_bragg  100
		phase_MAC  0
		phase_name "hkl_Phase"
		'space_group "C12/C1"
		load hkl_m_d_th2 I 
		{
			   1   1   0   4    2.744191      32.55225      0
			   0   0   2   2    2.527606      35.42996      0
			   1   1  -1   4    2.517986      35.56983      0
			   1   1   1   4    2.317926      38.75706      0
			   2   0   0   2    2.304636      38.98956      0
			   1   1  -2   4    1.957720      46.26486      0
			   2   0  -2   2    1.863396      48.75464      0
			   1   1   2   4    1.774107      51.38193      0
			   0   2   0   2    1.707740      53.53414      0
			   0   2   1   4    1.617915      56.76667      0
			   2   0   2   2    1.577981      58.33944      0
			   1   1  -3   4    1.503514      61.53274      0
			   0   2   2   4    1.415041      65.84739      0
			   3   1  -1   4    1.405980      66.32625      0
			   3   1   0   4    1.401181      66.58286      0
			   1   1   3   4    1.376762      67.92270      0
			   2   2   0   4    1.372095      68.18540      0
			   2   2  -1   4    1.358443      68.96671      0
			   3   1  -2   4    1.312312      71.75708      0
			   3   1   1   4    1.300703      72.49861      0
			   2   2   1   4    1.292396      73.03959      0
			   0   0   4   2    1.263803      74.97153      0
			   2   2  -2   4    1.258993      75.30765      0
			   0   2   3   4    1.199459      79.76421      0
			   2   0  -4   2    1.194573      80.15643      0
			   1   1  -4   4    1.193452      80.24708      0
			   3   1  -3   4    1.167442      82.41614      0
			   2   2   2   4    1.158963      83.15236      0
			   3   1   2   4    1.153877      83.60122      0
			   4   0   0   2    1.152318      83.73987      0
			   4   0  -2   2    1.120822      86.65968      0
			   2   2  -3   4    1.119334      86.80356      0
			   1   1   4   4    1.107229      87.99421      0
			   1   3   0   4    1.105276      88.18981      0
			   1   3  -1   4    1.088820      89.87998      0
			   1   3   1   4    1.070940      91.80541      0
			   2   0   4   2    1.038081      95.61477      0
			   1   3  -2   4    1.027766      96.89134      0
			   3   1  -4   4    1.017955      98.14506      0
			   2   2   3   4    1.016106      98.38588      0
			   0   2   4   4    1.015876      98.41588      0
			   3   1   3   4    1.005379      99.81229      0
			   1   3   2   4    0.998255     100.78863     0
			   4   0   2   2    0.988582     102.15351     0
			   1   1  -5   4    0.980550     103.32325     0
			   2   2  -4   4    0.978860     103.57378     0
			   4   2  -1   4    0.962998     106.00420     0
			   4   2   0   4    0.955203     107.25432     0
			   1   3  -3   4    0.941491     109.55162     0
			   4   2  -2   4    0.937032     110.32774     0
			   4   0  -4   2    0.931698     111.27594     0
			   1   1   5   4    0.919768     113.48091     0
			   3   3  -1   4    0.916061     114.19128     0
			   4   2   1   4    0.915956     114.21155     0
			   3   3   0   4    0.914730     114.44944     0
			   1   3   3   4    0.907833     115.81427     0
			   5   1  -1   4    0.901458     117.11830     0
			   5   1   0   4    0.890006     119.57319     0
			   3   3  -2   4    0.888600     119.88534     0
			   2   2   4   4    0.887053     120.23154     0
			   3   1  -5   4    0.885750     120.52567     0
			   3   3   1   4    0.884970     120.70271     0
			   5   1  -2   4    0.884932     120.71122     0
			   4   2  -3   4    0.884655     120.77441     0
			   3   1   4   4    0.875092     123.01627     0
			   0   2   5   4    0.870004     124.26362     0
			   4   2   2   4    0.855569     128.03829     0
			   2   2  -5   4    0.855158     128.15142     0
			   0   4   0   2    0.853870     128.50808     0
			   5   1   1   4    0.853554     128.59623     0
			   1   3  -4   4    0.848840     129.93459     0
		}


		a @  4.673678`_32.687523
		b @  3.415480`_32.687523
		c @  5.125849`_32.687523
		al  90
		be @  99.52293`_32.68752
		ga  90
		
		scale @  0.841406033`_32.69

	hkl_Is
		MVW( 0.000, 65.484`_1593.320, 0.000`_0.000)
		LVol_FWHM_CS_G_L( 1, 24.64007`_23.07982, 0.89, 24.89724`_24.69893,@, 30.26589`_32.68752,@, 199.00531`_32.68752)
		r_bragg  100
		phase_MAC  43.4164199
		phase_name "hkl_Phase"
		'space_group "Fm-3m"
		load hkl_m_d_th2 I 
		{
			   1   1   1   8    2.327114      38.59796      0
			   2   0   0   6    2.015340      44.86884      0
			   2   2   0  12    1.425060      65.32647      0
			   3   1   1  24    1.215295      78.52210      0
			   2   2   2   8    1.163557      82.75162      0
			   4   0   0   6    1.007670      99.50336      0
			   3   3   1  24    0.924701     112.55454     0
			   4   2   0  24    0.901287     117.15387     0
		}

		scale  @  1.49453063`_32.69
		
		Cubic(@  4.030679`_32.687523)
		
		C_matrix_normalized
{
                             1   2   3   4   5   6   7   8   9  10  11  12  13  14  15
bkg1958768304          1:  100  29  72  28  49  17   0   0   0   0   0   0   0   0   0
bkg1958821984          2:   29 100  34  73  26  51   0   0   0   0   0   0   0   0   0
bkg1958766320          3:   72  34 100  31  63  28   0   0   0   0   0   0   0   0   0
bkg1989615168          4:   28  73  31 100  28  63   0   0   0   0   0   0   0   0   0
bkg1989608256          5:   49  26  63  28 100  23   0   0   0   0   0   0   0   0   0
bkg1989610816          6:   17  51  28  63  23 100   0   0   0   0   0   0   0   0   0
a1989919680_           7:    0   0   0   0   0   0 100   0   0   0   0   0   0   0   0
b1989919880_           8:    0   0   0   0   0   0   0 100   0   0   0   0   0   0   0
c1989920080_           9:    0   0   0   0   0   0   0   0 100   0   0   0   0   0   0
be1989920480_         10:    0   0   0   0   0   0   0   0   0 100   0   0   0   0   0
scale1989087408_      11:    0   0   0   0   0   0   0   0   0   0 100   0   0   0   0
a1989921280_          12:    0   0   0   0   0   0   0   0   0   0   0 100   0   0   0
scale1989101424_      13:    0   0   0   0   0   0   0   0   0   0   0   0 100   0   0
m5f07b13c_0           14:    0   0   0   0   0   0   0   0   0   0   0   0   0 100   0
m5f07b13c_1           15:    0   0   0   0   0   0   0   0   0   0   0   0   0   0 100
}
macro Out_X_Ycalc_Fine(file)
{
xdd_out file load out_record out_fmt out_eqn
{
"%11.6f " = X;
"%18.12f\n" = Ycalc;
}
}
macro Out_X_Yobs_Fine(file)
{
xdd_out file load out_record out_fmt out_eqn
{
"%11.6f " = X;
"%18.12f\n" = Yobs;
}
}