do_errors
r_exp  1.84928021 r_exp_dash  3.0592713 r_wp  60.4394941 r_wp_dash  99.9852854 r_p  52.7353287 r_p_dash  99.9853696 weighted_Durbin_Watson  0.0177115261 gof  32.6827128
iters 0
xdd ".\test_data.xye"
	Out_X_Ycalc("x_ycalc.dat")
	r_exp  1.84928021 r_exp_dash  3.0592713 r_wp  60.4394941 r_wp_dash  99.9852854 r_p  52.7353287 r_p_dash  99.9853696 weighted_Durbin_Watson  0.0177115261 gof  32.6827128
	x_calculation_step 0.01
	neutron_data
	bkg @  254.941989`_10.3559121 -11.5885597`_19.396793  29.9916443`_16.8123778  14.0116644`_16.9485042 -9.57379122`_13.6692981  1.11617116`_13.7008798
	Zero_Error(,-0.27391_0.00237)
	start_X 33.5
	finish_X  140
	LP_Factor( 90)
	Rp 1000
	Rs 500
	'scale_pks = 1 / (Sin(Th)^2 Cos(Th));
	lam
		ymin_on_ymax  0.001
		la  1 lo 1.5382107 lh  1
	
	hkl_Is
		MVW( 0.000, 80.696`_1086.038, 0.000`_0.000)
		LVol_FWHM_CS_G_L( 1, 7.97769, 0.89, 9.49475,, 16.65209_0.47884,, 18.73996_0.79985)
		r_bragg  100
		phase_MAC  0
		phase_name "hkl_Phase"
		'space_group "C12/C1"
		load hkl_m_d_th2 I 
		{
			   1   1   0   4    2.744191      32.55225      0
			   0   0   2   2    2.527606      35.42996      0
			   1   1  -1   4    2.517986      35.56983      0
			   1   1   1   4    2.317926      38.75706      0
			   2   0   0   2    2.304636      38.98956      0
			   1   1  -2   4    1.957720      46.26486      0
			   2   0  -2   2    1.863396      48.75464      0
			   1   1   2   4    1.774107      51.38193      0
			   0   2   0   2    1.707740      53.53414      0
			   0   2   1   4    1.617915      56.76667      0
			   2   0   2   2    1.577981      58.33944      0
			   1   1  -3   4    1.503514      61.53274      0
			   0   2   2   4    1.415041      65.84739      0
			   3   1  -1   4    1.405980      66.32625      0
			   3   1   0   4    1.401181      66.58286      0
			   1   1   3   4    1.376762      67.92270      0
			   2   2   0   4    1.372095      68.18540      0
			   2   2  -1   4    1.358443      68.96671      0
			   3   1  -2   4    1.312312      71.75708      0
			   3   1   1   4    1.300703      72.49861      0
			   2   2   1   4    1.292396      73.03959      0
			   0   0   4   2    1.263803      74.97153      0
			   2   2  -2   4    1.258993      75.30765      0
			   0   2   3   4    1.199459      79.76421      0
			   2   0  -4   2    1.194573      80.15643      0
			   1   1  -4   4    1.193452      80.24708      0
			   3   1  -3   4    1.167442      82.41614      0
			   2   2   2   4    1.158963      83.15236      0
			   3   1   2   4    1.153877      83.60122      0
			   4   0   0   2    1.152318      83.73987      0
			   4   0  -2   2    1.120822      86.65968      0
			   2   2  -3   4    1.119334      86.80356      0
			   1   1   4   4    1.107229      87.99421      0
			   1   3   0   4    1.105276      88.18981      0
			   1   3  -1   4    1.088820      89.87998      0
			   1   3   1   4    1.070940      91.80541      0
			   2   0   4   2    1.038081      95.61477      0
			   1   3  -2   4    1.027766      96.89134      0
			   3   1  -4   4    1.017955      98.14506      0
			   2   2   3   4    1.016106      98.38588      0
			   0   2   4   4    1.015876      98.41588      0
			   3   1   3   4    1.005379      99.81229      0
			   1   3   2   4    0.998255     100.78863     0
			   4   0   2   2    0.988582     102.15351     0
			   1   1  -5   4    0.980550     103.32325     0
			   2   2  -4   4    0.978860     103.57378     0
			   4   2  -1   4    0.962998     106.00420     0
			   4   2   0   4    0.955203     107.25432     0
			   1   3  -3   4    0.941491     109.55162     0
			   4   2  -2   4    0.937032     110.32774     0
			   4   0  -4   2    0.931698     111.27594     0
			   1   1   5   4    0.919768     113.48091     0
			   3   3  -1   4    0.916061     114.19128     0
			   4   2   1   4    0.915956     114.21155     0
			   3   3   0   4    0.914730     114.44944     0
			   1   3   3   4    0.907833     115.81427     0
			   5   1  -1   4    0.901458     117.11830     0
			   5   1   0   4    0.890006     119.57319     0
			   3   3  -2   4    0.888600     119.88534     0
			   2   2   4   4    0.887053     120.23154     0
			   3   1  -5   4    0.885750     120.52567     0
			   3   3   1   4    0.884970     120.70271     0
			   5   1  -2   4    0.884932     120.71122     0
			   4   2  -3   4    0.884655     120.77441     0
			   3   1   4   4    0.875092     123.01627     0
			   0   2   5   4    0.870004     124.26362     0
			   4   2   2   4    0.855569     128.03829     0
			   2   2  -5   4    0.855158     128.15142     0
			   0   4   0   2    0.853870     128.50808     0
			   5   1   1   4    0.853554     128.59623     0
			   1   3  -4   4    0.848840     129.93459     0
		}


		a @  4.673678`_32.682713
		b @  3.415480`_32.682713
		c @  5.125849`_32.682713
		al  90
		be @  99.52293`_32.68271
		ga  90
		
		scale @  0.841406033`_32.68

	hkl_Is
		MVW( 0.000, 65.484`_14.803, 0.000`_0.000)
		LVol_FWHM_CS_G_L( 1, 24.64007`_5046.79743, 0.89, 24.89724`_4169.48641,@, 30.26589`_4475.95131,@, 199.00531`_239070.44377)
		r_bragg  75.731116
		phase_MAC  43.4164199
		phase_name "hkl_Phase"
		'space_group "Fm-3m"
		load hkl_m_d_th2 I 
		{
			   1   1   1   8    2.327114      38.59796      0
			   2   0   0   6    2.015340      44.86884      0
			   2   2   0  12    1.425060      65.32647      0
			   3   1   1  24    1.215295      78.52210      0
			   2   2   2   8    1.163557      82.75162      0
			   4   0   0   6    1.007670      99.50336      0
			   3   3   1  24    0.924701     112.55454     0
			   4   2   0  24    0.901287     117.15387      1
		}

		scale  @  1.49453063`_92.91
		
		Cubic(@  4.030679`_0.303680)
		
		C_matrix_normalized
{
                             1   2   3   4   5   6   7   8   9  10  11  12  13  14  15
bkg553283248           1:  100  29  71  24  43  12  -0  -0   0   0   0   1 -13  -9  12
bkg553336928           2:   29 100  34  70  24  47  -0  -0   0  -0   0   1  -4  -4   4
bkg553281264           3:   71  34 100  30  61  27  -0  -0  -0  -0   0   1   2   1  -2
bkg583643712           4:   24  70  30 100  32  65  -0  -0   0  -0   0   0  20  14 -18
bkg583645504           5:   43  24  61  32 100  29  -0  -0  -0  -0   0   0  25  17 -22
bkg583640384           6:   12  47  27  65  29 100  -0  -0  -0  -0   0  -0  30  21 -27
a583779264_            7:   -0  -0  -0  -0  -0  -0 100  -0  -0   0   0  -0  -0  -0   0
b583779464_            8:   -0  -0  -0  -0  -0  -0  -0 100   0   0  -0   0   0   0  -0
c583779664_            9:    0   0  -0   0  -0  -0  -0   0 100  -0   0   0   0   0  -0
be583780064_          10:    0  -0  -0  -0  -0  -0   0   0  -0 100   0  -0   0   0  -0
scale582946992_       11:    0   0   0   0   0   0   0  -0   0   0 100  -0   0   0  -0
a583780864_           12:    1   1   1   0   0  -0  -0   0   0  -0  -0 100  -4   2   2
scale582961008_       13:  -13  -4   2  20  25  30  -0   0   0   0   0  -4 100  60 -77
m5f07b164_0           14:   -9  -4   1  14  17  21  -0   0   0   0   0   2  60 100 -92
m5f07b164_1           15:   12   4  -2 -18 -22 -27   0  -0  -0  -0  -0   2 -77 -92 100
}
macro Out_X_Ycalc_Fine(file)
{
xdd_out file load out_record out_fmt out_eqn
{
"%11.6f " = X;
"%18.12f\n" = Ycalc;
}
}
macro Out_X_Yobs_Fine(file)
{
xdd_out file load out_record out_fmt out_eqn
{
"%11.6f " = X;
"%18.12f\n" = Yobs;
}
}